
/Users/michaelwideburg/Desktop/getHueLights/getHueLights/target/2.1.0/photon/getHueLights.elf:     file format elf32-littlearm

Sections:
Idx Name          Size      VMA       LMA       File off  Algn
  0 .module_info  00000018  080a0000  080a0000  00010000  2**0
                  CONTENTS, ALLOC, LOAD, READONLY, DATA
  1 .dynalib      00000004  080a0018  080a0018  00010018  2**2
                  CONTENTS, ALLOC, LOAD, READONLY, DATA
  2 .text         00000c74  080a001c  080a001c  0001001c  2**2
                  CONTENTS, ALLOC, LOAD, READONLY, CODE
  3 .backup       00000004  40024000  080a0c90  00014000  2**2
                  CONTENTS, ALLOC, LOAD, DATA
  4 .data         00000068  20000000  080a0c94  00020000  2**2
                  CONTENTS, ALLOC, LOAD, DATA
  5 .bss          000004b4  20000068  20000068  00030068  2**2
                  ALLOC
  6 .module_info_suffix 00000028  080a0cfc  080a0cfc  00020cfc  2**0
                  CONTENTS, ALLOC, LOAD, READONLY, DATA
  7 .module_info_crc 00000004  080a0d24  080a0d24  00020d24  2**0
                  CONTENTS, ALLOC, LOAD, READONLY, DATA
  8 .debug_info   000ab1b9  00000000  00000000  00020d28  2**0
                  CONTENTS, READONLY, DEBUGGING
  9 .debug_abbrev 0000d027  00000000  00000000  000cbee1  2**0
                  CONTENTS, READONLY, DEBUGGING
 10 .debug_loc    000125f7  00000000  00000000  000d8f08  2**0
                  CONTENTS, READONLY, DEBUGGING
 11 .debug_aranges 00001438  00000000  00000000  000eb4ff  2**0
                  CONTENTS, READONLY, DEBUGGING
 12 .debug_ranges 00003a78  00000000  00000000  000ec937  2**0
                  CONTENTS, READONLY, DEBUGGING
 13 .debug_macro  0001fc90  00000000  00000000  000f03af  2**0
                  CONTENTS, READONLY, DEBUGGING
 14 .debug_line   0001d2ca  00000000  00000000  0011003f  2**0
                  CONTENTS, READONLY, DEBUGGING
 15 .debug_str    000adf86  00000000  00000000  0012d309  2**0
                  CONTENTS, READONLY, DEBUGGING
 16 .debug_frame  0000323c  00000000  00000000  001db290  2**2
                  CONTENTS, READONLY, DEBUGGING

Disassembly of section .text:

080a001c <module_user_pre_init>:
/**
 * Initializes this user module. Returns the start of the heap.
 */
void* module_user_pre_init() {

    if ( (&link_global_data_start!=&link_global_data_initial_values) && (link_global_data_size != 0))
 80a001c:	4809      	ldr	r0, [pc, #36]	; (80a0044 <link_dynalib_end+0x28>)
 80a001e:	490a      	ldr	r1, [pc, #40]	; (80a0048 <link_dynalib_end+0x2c>)
void* module_user_pre_init() {
 80a0020:	b508      	push	{r3, lr}
    if ( (&link_global_data_start!=&link_global_data_initial_values) && (link_global_data_size != 0))
 80a0022:	4288      	cmp	r0, r1
 80a0024:	d005      	beq.n	80a0032 <module_user_pre_init+0x16>
 80a0026:	4a09      	ldr	r2, [pc, #36]	; (80a004c <link_dynalib_end+0x30>)
 80a0028:	4282      	cmp	r2, r0
 80a002a:	d002      	beq.n	80a0032 <module_user_pre_init+0x16>
    {
        memcpy(&link_global_data_start, &link_global_data_initial_values, link_global_data_size);
 80a002c:	1a12      	subs	r2, r2, r0
 80a002e:	f000 fd49 	bl	80a0ac4 <memcpy>
    }

    memset(&link_bss_location, 0, link_bss_size );
 80a0032:	4807      	ldr	r0, [pc, #28]	; (80a0050 <link_dynalib_end+0x34>)
 80a0034:	4a07      	ldr	r2, [pc, #28]	; (80a0054 <link_dynalib_end+0x38>)
 80a0036:	2100      	movs	r1, #0
 80a0038:	1a12      	subs	r2, r2, r0
 80a003a:	f000 fd51 	bl	80a0ae0 <memset>
    return &link_heap_start;
}
 80a003e:	4806      	ldr	r0, [pc, #24]	; (80a0058 <link_dynalib_end+0x3c>)
 80a0040:	bd08      	pop	{r3, pc}
 80a0042:	bf00      	nop
 80a0044:	20000000 	.word	0x20000000
 80a0048:	080a0c94 	.word	0x080a0c94
 80a004c:	20000068 	.word	0x20000068
 80a0050:	20000068 	.word	0x20000068
 80a0054:	2000051c 	.word	0x2000051c
 80a0058:	2000051c 	.word	0x2000051c

080a005c <module_user_init>:
extern constructor_ptr_t link_constructors_location[];
extern constructor_ptr_t link_constructors_end;
#define link_constructors_size   ((unsigned long)&link_constructors_end  -  (unsigned long)&link_constructors_location )

void module_user_init()
{
 80a005c:	b570      	push	{r4, r5, r6, lr}
    module_user_init_hook();
 80a005e:	f000 fcd1 	bl	80a0a04 <module_user_init_hook>

    // invoke constructors
    int ctor_num;
    for (ctor_num=0; ctor_num < link_constructors_size/sizeof(constructor_ptr_t); ctor_num++ )
 80a0062:	2500      	movs	r5, #0
 80a0064:	4e05      	ldr	r6, [pc, #20]	; (80a007c <module_user_init+0x20>)
 80a0066:	4c06      	ldr	r4, [pc, #24]	; (80a0080 <module_user_init+0x24>)
 80a0068:	1ba4      	subs	r4, r4, r6
 80a006a:	08a4      	lsrs	r4, r4, #2
 80a006c:	42a5      	cmp	r5, r4
 80a006e:	d100      	bne.n	80a0072 <module_user_init+0x16>
    {
        link_constructors_location[ctor_num]();
    }
}
 80a0070:	bd70      	pop	{r4, r5, r6, pc}
        link_constructors_location[ctor_num]();
 80a0072:	f856 3b04 	ldr.w	r3, [r6], #4
 80a0076:	4798      	blx	r3
    for (ctor_num=0; ctor_num < link_constructors_size/sizeof(constructor_ptr_t); ctor_num++ )
 80a0078:	3501      	adds	r5, #1
 80a007a:	e7f7      	b.n	80a006c <module_user_init+0x10>
 80a007c:	080a0c68 	.word	0x080a0c68
 80a0080:	080a0c84 	.word	0x080a0c84

080a0084 <module_user_setup>:

/**
 * Export these functions with a fuller name so they don't clash with the setup/loop wrappers in the system module.
 */
void module_user_setup() {
    setup();
 80a0084:	f000 b811 	b.w	80a00aa <setup>

080a0088 <module_user_loop>:
}

void module_user_loop() {
 80a0088:	b508      	push	{r3, lr}
    loop();
 80a008a:	f000 f80f 	bl	80a00ac <loop>
    _post_loop();
}
 80a008e:	e8bd 4008 	ldmia.w	sp!, {r3, lr}
    _post_loop();
 80a0092:	f000 bc79 	b.w	80a0988 <_post_loop>

080a0096 <_ZdlPv>:
	return malloc(size);
}

void operator delete(void *p)
{
	free(p);
 80a0096:	f000 b917 	b.w	80a02c8 <free>

080a009a <__cxa_guard_acquire>:

/* Provide default implemenation for __cxa_guard_acquire() and
 * __cxa_guard_release(). Note: these must be revisited if a multitasking
 * OS is ported to this platform. */
__extension__ typedef int __guard __attribute__((mode (__DI__)));
int __cxa_guard_acquire(__guard *g) {return !*(char *)(g);};
 80a009a:	7800      	ldrb	r0, [r0, #0]
 80a009c:	fab0 f080 	clz	r0, r0
 80a00a0:	0940      	lsrs	r0, r0, #5
 80a00a2:	4770      	bx	lr

080a00a4 <__cxa_guard_release>:
void __cxa_guard_release (__guard *g) {*(char *)g = 1;};
 80a00a4:	2301      	movs	r3, #1
 80a00a6:	7003      	strb	r3, [r0, #0]
 80a00a8:	4770      	bx	lr

080a00aa <setup>:
#include "Particle.h"
// setup() runs once, when the device is first turned on.
SYSTEM_THREAD(ENABLED);

// This uses the USB serial port for debugging logs.
SerialLogHandler logHandler;
 80a00aa:	4770      	bx	lr

080a00ac <loop>:
 80a00ac:	4770      	bx	lr
	...

080a00b0 <HAL_RNG_GetRandomNumber>:

DYNALIB_BEGIN(hal)

#if PLATFORM_ID > 3
DYNALIB_FN(0, hal, HAL_RNG_Configuration, void(void))
DYNALIB_FN(1, hal, HAL_RNG_GetRandomNumber, uint32_t(void))
 80a00b0:	b508      	push	{r3, lr}
 80a00b2:	4b02      	ldr	r3, [pc, #8]	; (80a00bc <HAL_RNG_GetRandomNumber+0xc>)
 80a00b4:	681b      	ldr	r3, [r3, #0]
 80a00b6:	685b      	ldr	r3, [r3, #4]
 80a00b8:	9301      	str	r3, [sp, #4]
 80a00ba:	bd08      	pop	{r3, pc}
 80a00bc:	0806019c 	.word	0x0806019c

080a00c0 <HAL_Timer_Get_Milli_Seconds>:
#endif

DYNALIB_FN(BASE_IDX + 0, hal, HAL_Delay_Milliseconds, void(uint32_t))
DYNALIB_FN(BASE_IDX + 1, hal, HAL_Delay_Microseconds, void(uint32_t))
DYNALIB_FN(BASE_IDX + 2, hal, HAL_Timer_Get_Micro_Seconds, system_tick_t(void))
DYNALIB_FN(BASE_IDX + 3, hal, HAL_Timer_Get_Milli_Seconds, system_tick_t(void))
 80a00c0:	b508      	push	{r3, lr}
 80a00c2:	4b02      	ldr	r3, [pc, #8]	; (80a00cc <HAL_Timer_Get_Milli_Seconds+0xc>)
 80a00c4:	681b      	ldr	r3, [r3, #0]
 80a00c6:	695b      	ldr	r3, [r3, #20]
 80a00c8:	9301      	str	r3, [sp, #4]
 80a00ca:	bd08      	pop	{r3, pc}
 80a00cc:	0806019c 	.word	0x0806019c

080a00d0 <hal_usart_init>:
#define BASE_IDX 6 // Base index for all subsequent functions
#else
#define BASE_IDX 0
#endif

DYNALIB_FN(BASE_IDX + 0, hal_usart, hal_usart_init, void(hal_usart_interface_t, hal_usart_ring_buffer_t*, hal_usart_ring_buffer_t*))
 80a00d0:	b508      	push	{r3, lr}
 80a00d2:	4b02      	ldr	r3, [pc, #8]	; (80a00dc <hal_usart_init+0xc>)
 80a00d4:	681b      	ldr	r3, [r3, #0]
 80a00d6:	699b      	ldr	r3, [r3, #24]
 80a00d8:	9301      	str	r3, [sp, #4]
 80a00da:	bd08      	pop	{r3, pc}
 80a00dc:	080601c4 	.word	0x080601c4

080a00e0 <hal_usart_write>:
DYNALIB_FN(BASE_IDX + 1, hal_usart, hal_usart_begin, void(hal_usart_interface_t, uint32_t))
DYNALIB_FN(BASE_IDX + 2, hal_usart, hal_usart_end, void(hal_usart_interface_t))
DYNALIB_FN(BASE_IDX + 3, hal_usart, hal_usart_write, uint32_t(hal_usart_interface_t, uint8_t))
 80a00e0:	b508      	push	{r3, lr}
 80a00e2:	4b02      	ldr	r3, [pc, #8]	; (80a00ec <hal_usart_write+0xc>)
 80a00e4:	681b      	ldr	r3, [r3, #0]
 80a00e6:	6a5b      	ldr	r3, [r3, #36]	; 0x24
 80a00e8:	9301      	str	r3, [sp, #4]
 80a00ea:	bd08      	pop	{r3, pc}
 80a00ec:	080601c4 	.word	0x080601c4

080a00f0 <hal_usart_available>:
DYNALIB_FN(BASE_IDX + 4, hal_usart, hal_usart_available, int32_t(hal_usart_interface_t))
 80a00f0:	b508      	push	{r3, lr}
 80a00f2:	4b02      	ldr	r3, [pc, #8]	; (80a00fc <hal_usart_available+0xc>)
 80a00f4:	681b      	ldr	r3, [r3, #0]
 80a00f6:	6a9b      	ldr	r3, [r3, #40]	; 0x28
 80a00f8:	9301      	str	r3, [sp, #4]
 80a00fa:	bd08      	pop	{r3, pc}
 80a00fc:	080601c4 	.word	0x080601c4

080a0100 <hal_usart_read>:
DYNALIB_FN(BASE_IDX + 5, hal_usart, hal_usart_read, int32_t(hal_usart_interface_t))
 80a0100:	b508      	push	{r3, lr}
 80a0102:	4b02      	ldr	r3, [pc, #8]	; (80a010c <hal_usart_read+0xc>)
 80a0104:	681b      	ldr	r3, [r3, #0]
 80a0106:	6adb      	ldr	r3, [r3, #44]	; 0x2c
 80a0108:	9301      	str	r3, [sp, #4]
 80a010a:	bd08      	pop	{r3, pc}
 80a010c:	080601c4 	.word	0x080601c4

080a0110 <hal_usart_peek>:
DYNALIB_FN(BASE_IDX + 6, hal_usart, hal_usart_peek, int32_t(hal_usart_interface_t))
 80a0110:	b508      	push	{r3, lr}
 80a0112:	4b02      	ldr	r3, [pc, #8]	; (80a011c <hal_usart_peek+0xc>)
 80a0114:	681b      	ldr	r3, [r3, #0]
 80a0116:	6b1b      	ldr	r3, [r3, #48]	; 0x30
 80a0118:	9301      	str	r3, [sp, #4]
 80a011a:	bd08      	pop	{r3, pc}
 80a011c:	080601c4 	.word	0x080601c4

080a0120 <hal_usart_flush>:
DYNALIB_FN(BASE_IDX + 7, hal_usart, hal_usart_flush, void(hal_usart_interface_t))
 80a0120:	b508      	push	{r3, lr}
 80a0122:	4b02      	ldr	r3, [pc, #8]	; (80a012c <hal_usart_flush+0xc>)
 80a0124:	681b      	ldr	r3, [r3, #0]
 80a0126:	6b5b      	ldr	r3, [r3, #52]	; 0x34
 80a0128:	9301      	str	r3, [sp, #4]
 80a012a:	bd08      	pop	{r3, pc}
 80a012c:	080601c4 	.word	0x080601c4

080a0130 <hal_usart_available_data_for_write>:
DYNALIB_FN(BASE_IDX + 8, hal_usart, hal_usart_is_enabled, bool(hal_usart_interface_t))
DYNALIB_FN(BASE_IDX + 9, hal_usart, hal_usart_half_duplex, void(hal_usart_interface_t, bool))
DYNALIB_FN(BASE_IDX + 10, hal_usart, hal_usart_available_data_for_write, int32_t(hal_usart_interface_t))
 80a0130:	b508      	push	{r3, lr}
 80a0132:	4b02      	ldr	r3, [pc, #8]	; (80a013c <hal_usart_available_data_for_write+0xc>)
 80a0134:	681b      	ldr	r3, [r3, #0]
 80a0136:	6c1b      	ldr	r3, [r3, #64]	; 0x40
 80a0138:	9301      	str	r3, [sp, #4]
 80a013a:	bd08      	pop	{r3, pc}
 80a013c:	080601c4 	.word	0x080601c4

080a0140 <HAL_USB_USART_Init>:
#endif

DYNALIB_BEGIN(hal_usb)

#ifdef USB_CDC_ENABLE
DYNALIB_FN(0, hal_usb, HAL_USB_USART_Init, void(HAL_USB_USART_Serial, const HAL_USB_USART_Config*))
 80a0140:	b508      	push	{r3, lr}
 80a0142:	4b02      	ldr	r3, [pc, #8]	; (80a014c <HAL_USB_USART_Init+0xc>)
 80a0144:	681b      	ldr	r3, [r3, #0]
 80a0146:	681b      	ldr	r3, [r3, #0]
 80a0148:	9301      	str	r3, [sp, #4]
 80a014a:	bd08      	pop	{r3, pc}
 80a014c:	080601d8 	.word	0x080601d8

080a0150 <HAL_USB_USART_Available_Data>:
DYNALIB_FN(1, hal_usb, HAL_USB_USART_Begin, void(HAL_USB_USART_Serial, uint32_t, void *))
DYNALIB_FN(2, hal_usb, HAL_USB_USART_End, void(HAL_USB_USART_Serial))
DYNALIB_FN(3, hal_usb, HAL_USB_USART_Baud_Rate, unsigned int(HAL_USB_USART_Serial))
DYNALIB_FN(4, hal_usb, HAL_USB_USART_Available_Data, int32_t(HAL_USB_USART_Serial))
 80a0150:	b508      	push	{r3, lr}
 80a0152:	4b02      	ldr	r3, [pc, #8]	; (80a015c <HAL_USB_USART_Available_Data+0xc>)
 80a0154:	681b      	ldr	r3, [r3, #0]
 80a0156:	691b      	ldr	r3, [r3, #16]
 80a0158:	9301      	str	r3, [sp, #4]
 80a015a:	bd08      	pop	{r3, pc}
 80a015c:	080601d8 	.word	0x080601d8

080a0160 <HAL_USB_USART_Available_Data_For_Write>:
DYNALIB_FN(5, hal_usb, HAL_USB_USART_Available_Data_For_Write, int32_t(HAL_USB_USART_Serial))
 80a0160:	b508      	push	{r3, lr}
 80a0162:	4b02      	ldr	r3, [pc, #8]	; (80a016c <HAL_USB_USART_Available_Data_For_Write+0xc>)
 80a0164:	681b      	ldr	r3, [r3, #0]
 80a0166:	695b      	ldr	r3, [r3, #20]
 80a0168:	9301      	str	r3, [sp, #4]
 80a016a:	bd08      	pop	{r3, pc}
 80a016c:	080601d8 	.word	0x080601d8

080a0170 <HAL_USB_USART_Receive_Data>:
DYNALIB_FN(6, hal_usb, HAL_USB_USART_Receive_Data, int32_t(HAL_USB_USART_Serial, uint8_t))
 80a0170:	b508      	push	{r3, lr}
 80a0172:	4b02      	ldr	r3, [pc, #8]	; (80a017c <HAL_USB_USART_Receive_Data+0xc>)
 80a0174:	681b      	ldr	r3, [r3, #0]
 80a0176:	699b      	ldr	r3, [r3, #24]
 80a0178:	9301      	str	r3, [sp, #4]
 80a017a:	bd08      	pop	{r3, pc}
 80a017c:	080601d8 	.word	0x080601d8

080a0180 <HAL_USB_USART_Send_Data>:
DYNALIB_FN(7, hal_usb, HAL_USB_USART_Send_Data, int32_t(HAL_USB_USART_Serial, uint8_t))
 80a0180:	b508      	push	{r3, lr}
 80a0182:	4b02      	ldr	r3, [pc, #8]	; (80a018c <HAL_USB_USART_Send_Data+0xc>)
 80a0184:	681b      	ldr	r3, [r3, #0]
 80a0186:	69db      	ldr	r3, [r3, #28]
 80a0188:	9301      	str	r3, [sp, #4]
 80a018a:	bd08      	pop	{r3, pc}
 80a018c:	080601d8 	.word	0x080601d8

080a0190 <HAL_USB_USART_Flush_Data>:
DYNALIB_FN(8, hal_usb, HAL_USB_USART_Flush_Data, void(HAL_USB_USART_Serial))
 80a0190:	b508      	push	{r3, lr}
 80a0192:	4b02      	ldr	r3, [pc, #8]	; (80a019c <HAL_USB_USART_Flush_Data+0xc>)
 80a0194:	681b      	ldr	r3, [r3, #0]
 80a0196:	6a1b      	ldr	r3, [r3, #32]
 80a0198:	9301      	str	r3, [sp, #4]
 80a019a:	bd08      	pop	{r3, pc}
 80a019c:	080601d8 	.word	0x080601d8

080a01a0 <inet_gethostbyname>:
DYNALIB_FN(14, hal_wlan, wlan_set_error_count, void(uint32_t))
DYNALIB_FN(15, hal_wlan, wlan_fetch_ipconfig, int(WLanConfig*))
DYNALIB_FN(16, hal_wlan, wlan_setup, void(void))

DYNALIB_FN(17, hal_wlan, HAL_NET_SetNetWatchDog, uint32_t(uint32_t))
DYNALIB_FN(18, hal_wlan, inet_gethostbyname, int(const char*, uint16_t, HAL_IPAddress*, network_interface_t, void*))
 80a01a0:	b508      	push	{r3, lr}
 80a01a2:	4b02      	ldr	r3, [pc, #8]	; (80a01ac <inet_gethostbyname+0xc>)
 80a01a4:	681b      	ldr	r3, [r3, #0]
 80a01a6:	6c9b      	ldr	r3, [r3, #72]	; 0x48
 80a01a8:	9301      	str	r3, [sp, #4]
 80a01aa:	bd08      	pop	{r3, pc}
 80a01ac:	080601c0 	.word	0x080601c0

080a01b0 <set_system_mode>:
#endif

DYNALIB_BEGIN(system)

DYNALIB_FN(0, system, system_mode, System_Mode_TypeDef(void))
DYNALIB_FN(1, system, set_system_mode, void(System_Mode_TypeDef))
 80a01b0:	b508      	push	{r3, lr}
 80a01b2:	4b02      	ldr	r3, [pc, #8]	; (80a01bc <set_system_mode+0xc>)
 80a01b4:	681b      	ldr	r3, [r3, #0]
 80a01b6:	685b      	ldr	r3, [r3, #4]
 80a01b8:	9301      	str	r3, [sp, #4]
 80a01ba:	bd08      	pop	{r3, pc}
 80a01bc:	080601a4 	.word	0x080601a4

080a01c0 <system_ctrl_set_app_request_handler>:
DYNALIB_FN(BASE_IDX + 6, system, led_pattern_period, uint16_t(int, int, void*))
DYNALIB_FN(BASE_IDX + 7, system, system_set_tester_handlers, int(system_tester_handlers_t*, void*))
DYNALIB_FN(BASE_IDX + 8, system, system_format_diag_data, int(const uint16_t*, size_t, unsigned, appender_fn, void*, void*))

// Control requests
DYNALIB_FN(BASE_IDX + 9, system, system_ctrl_set_app_request_handler, int(ctrl_request_handler_fn, void*))
 80a01c0:	b508      	push	{r3, lr}
 80a01c2:	4b03      	ldr	r3, [pc, #12]	; (80a01d0 <system_ctrl_set_app_request_handler+0x10>)
 80a01c4:	681b      	ldr	r3, [r3, #0]
 80a01c6:	f8d3 3090 	ldr.w	r3, [r3, #144]	; 0x90
 80a01ca:	9301      	str	r3, [sp, #4]
 80a01cc:	bd08      	pop	{r3, pc}
 80a01ce:	0000      	.short	0x0000
 80a01d0:	080601a4 	.word	0x080601a4

080a01d4 <system_ctrl_set_result>:
DYNALIB_FN(BASE_IDX + 10, system, system_ctrl_alloc_reply_data, int(ctrl_request*, size_t, void*))
DYNALIB_FN(BASE_IDX + 11, system, system_ctrl_free_request_data, void(ctrl_request*, void*))
DYNALIB_FN(BASE_IDX + 12, system, system_ctrl_set_result, void(ctrl_request*, int, ctrl_completion_handler_fn, void*, void*))
 80a01d4:	b508      	push	{r3, lr}
 80a01d6:	4b03      	ldr	r3, [pc, #12]	; (80a01e4 <system_ctrl_set_result+0x10>)
 80a01d8:	681b      	ldr	r3, [r3, #0]
 80a01da:	f8d3 309c 	ldr.w	r3, [r3, #156]	; 0x9c
 80a01de:	9301      	str	r3, [sp, #4]
 80a01e0:	bd08      	pop	{r3, pc}
 80a01e2:	0000      	.short	0x0000
 80a01e4:	080601a4 	.word	0x080601a4

080a01e8 <spark_set_random_seed_from_cloud_handler>:
DYNALIB_FN(10, system_cloud, spark_unsubscribe, void(void*))
DYNALIB_FN(11, system_cloud, spark_sync_time, bool(void*))
DYNALIB_FN(12, system_cloud, spark_sync_time_pending, bool(void*))
DYNALIB_FN(13, system_cloud, spark_sync_time_last, system_tick_t(time32_t*, time_t*))
DYNALIB_FN(14, system_cloud, spark_set_connection_property, int(unsigned, unsigned, const void*, void*))
DYNALIB_FN(15, system_cloud, spark_set_random_seed_from_cloud_handler, int(void (*handler)(unsigned int), void*))
 80a01e8:	b508      	push	{r3, lr}
 80a01ea:	4b02      	ldr	r3, [pc, #8]	; (80a01f4 <spark_set_random_seed_from_cloud_handler+0xc>)
 80a01ec:	681b      	ldr	r3, [r3, #0]
 80a01ee:	6bdb      	ldr	r3, [r3, #60]	; 0x3c
 80a01f0:	9301      	str	r3, [sp, #4]
 80a01f2:	bd08      	pop	{r3, pc}
 80a01f4:	080601cc 	.word	0x080601cc

080a01f8 <network_connect>:
#endif

DYNALIB_BEGIN(system_net)

DYNALIB_FN(0, system_net, network_config, const void*(network_handle_t, uint32_t, void*))
DYNALIB_FN(1, system_net, network_connect, void(network_handle_t, uint32_t, uint32_t, void*))
 80a01f8:	b508      	push	{r3, lr}
 80a01fa:	4b02      	ldr	r3, [pc, #8]	; (80a0204 <network_connect+0xc>)
 80a01fc:	681b      	ldr	r3, [r3, #0]
 80a01fe:	685b      	ldr	r3, [r3, #4]
 80a0200:	9301      	str	r3, [sp, #4]
 80a0202:	bd08      	pop	{r3, pc}
 80a0204:	080601c8 	.word	0x080601c8

080a0208 <network_connecting>:
DYNALIB_FN(2, system_net, network_connecting, bool(network_handle_t, uint32_t, void*))
 80a0208:	b508      	push	{r3, lr}
 80a020a:	4b02      	ldr	r3, [pc, #8]	; (80a0214 <network_connecting+0xc>)
 80a020c:	681b      	ldr	r3, [r3, #0]
 80a020e:	689b      	ldr	r3, [r3, #8]
 80a0210:	9301      	str	r3, [sp, #4]
 80a0212:	bd08      	pop	{r3, pc}
 80a0214:	080601c8 	.word	0x080601c8

080a0218 <network_disconnect>:
DYNALIB_FN(3, system_net, network_disconnect, void(network_handle_t, uint32_t, void*))
 80a0218:	b508      	push	{r3, lr}
 80a021a:	4b02      	ldr	r3, [pc, #8]	; (80a0224 <network_disconnect+0xc>)
 80a021c:	681b      	ldr	r3, [r3, #0]
 80a021e:	68db      	ldr	r3, [r3, #12]
 80a0220:	9301      	str	r3, [sp, #4]
 80a0222:	bd08      	pop	{r3, pc}
 80a0224:	080601c8 	.word	0x080601c8

080a0228 <network_ready>:
DYNALIB_FN(4, system_net, network_ready, bool(network_handle_t, uint32_t, void*))
 80a0228:	b508      	push	{r3, lr}
 80a022a:	4b02      	ldr	r3, [pc, #8]	; (80a0234 <network_ready+0xc>)
 80a022c:	681b      	ldr	r3, [r3, #0]
 80a022e:	691b      	ldr	r3, [r3, #16]
 80a0230:	9301      	str	r3, [sp, #4]
 80a0232:	bd08      	pop	{r3, pc}
 80a0234:	080601c8 	.word	0x080601c8

080a0238 <network_on>:
DYNALIB_FN(5, system_net, network_on, void(network_handle_t, uint32_t, uint32_t, void*))
 80a0238:	b508      	push	{r3, lr}
 80a023a:	4b02      	ldr	r3, [pc, #8]	; (80a0244 <network_on+0xc>)
 80a023c:	681b      	ldr	r3, [r3, #0]
 80a023e:	695b      	ldr	r3, [r3, #20]
 80a0240:	9301      	str	r3, [sp, #4]
 80a0242:	bd08      	pop	{r3, pc}
 80a0244:	080601c8 	.word	0x080601c8

080a0248 <network_off>:
DYNALIB_FN(6, system_net, network_off, void(network_handle_t, uint32_t, uint32_t, void*))
 80a0248:	b508      	push	{r3, lr}
 80a024a:	4b02      	ldr	r3, [pc, #8]	; (80a0254 <network_off+0xc>)
 80a024c:	681b      	ldr	r3, [r3, #0]
 80a024e:	699b      	ldr	r3, [r3, #24]
 80a0250:	9301      	str	r3, [sp, #4]
 80a0252:	bd08      	pop	{r3, pc}
 80a0254:	080601c8 	.word	0x080601c8

080a0258 <network_listen>:
DYNALIB_FN(7, system_net, network_listen, void(network_handle_t, uint32_t, void*))
 80a0258:	b508      	push	{r3, lr}
 80a025a:	4b02      	ldr	r3, [pc, #8]	; (80a0264 <network_listen+0xc>)
 80a025c:	681b      	ldr	r3, [r3, #0]
 80a025e:	69db      	ldr	r3, [r3, #28]
 80a0260:	9301      	str	r3, [sp, #4]
 80a0262:	bd08      	pop	{r3, pc}
 80a0264:	080601c8 	.word	0x080601c8

080a0268 <network_listening>:
DYNALIB_FN(8, system_net, network_listening, bool(network_handle_t, uint32_t, void*))
 80a0268:	b508      	push	{r3, lr}
 80a026a:	4b02      	ldr	r3, [pc, #8]	; (80a0274 <network_listening+0xc>)
 80a026c:	681b      	ldr	r3, [r3, #0]
 80a026e:	6a1b      	ldr	r3, [r3, #32]
 80a0270:	9301      	str	r3, [sp, #4]
 80a0272:	bd08      	pop	{r3, pc}
 80a0274:	080601c8 	.word	0x080601c8

080a0278 <network_set_listen_timeout>:
DYNALIB_FN(9, system_net, network_has_credentials, bool(network_handle_t, uint32_t, void*))
DYNALIB_FN(10, system_net, network_set_credentials, int(network_handle_t, uint32_t, NetworkCredentials*, void*))
DYNALIB_FN(11, system_net, network_clear_credentials, bool(network_handle_t, uint32_t, NetworkCredentials*, void*))
DYNALIB_FN(12, system_net, network_set_listen_timeout, void(network_handle_t, uint16_t, void*))
 80a0278:	b508      	push	{r3, lr}
 80a027a:	4b02      	ldr	r3, [pc, #8]	; (80a0284 <network_set_listen_timeout+0xc>)
 80a027c:	681b      	ldr	r3, [r3, #0]
 80a027e:	6b1b      	ldr	r3, [r3, #48]	; 0x30
 80a0280:	9301      	str	r3, [sp, #4]
 80a0282:	bd08      	pop	{r3, pc}
 80a0284:	080601c8 	.word	0x080601c8

080a0288 <network_get_listen_timeout>:
DYNALIB_FN(13, system_net, network_get_listen_timeout, uint16_t(network_handle_t, uint32_t, void*))
 80a0288:	b508      	push	{r3, lr}
 80a028a:	4b02      	ldr	r3, [pc, #8]	; (80a0294 <network_get_listen_timeout+0xc>)
 80a028c:	681b      	ldr	r3, [r3, #0]
 80a028e:	6b5b      	ldr	r3, [r3, #52]	; 0x34
 80a0290:	9301      	str	r3, [sp, #4]
 80a0292:	bd08      	pop	{r3, pc}
 80a0294:	080601c8 	.word	0x080601c8

080a0298 <network_is_on>:
DYNALIB_FN(14, system_net, network_set_hostname, int(network_handle_t, uint32_t, const char*, void*))
DYNALIB_FN(15, system_net, network_get_hostname, int(network_handle_t, uint32_t, char*, size_t, void*))
DYNALIB_FN(16, system_net, network_is_on, bool(network_handle_t, void*))
 80a0298:	b508      	push	{r3, lr}
 80a029a:	4b02      	ldr	r3, [pc, #8]	; (80a02a4 <network_is_on+0xc>)
 80a029c:	681b      	ldr	r3, [r3, #0]
 80a029e:	6c1b      	ldr	r3, [r3, #64]	; 0x40
 80a02a0:	9301      	str	r3, [sp, #4]
 80a02a2:	bd08      	pop	{r3, pc}
 80a02a4:	080601c8 	.word	0x080601c8

080a02a8 <network_is_off>:
DYNALIB_FN(17, system_net, network_is_off, bool(network_handle_t, void*))
 80a02a8:	b508      	push	{r3, lr}
 80a02aa:	4b02      	ldr	r3, [pc, #8]	; (80a02b4 <network_is_off+0xc>)
 80a02ac:	681b      	ldr	r3, [r3, #0]
 80a02ae:	6c5b      	ldr	r3, [r3, #68]	; 0x44
 80a02b0:	9301      	str	r3, [sp, #4]
 80a02b2:	bd08      	pop	{r3, pc}
 80a02b4:	080601c8 	.word	0x080601c8

080a02b8 <malloc>:
#include "hal_platform.h"
#endif // defined(DYNALIB_EXPORT) || (defined(DYNALIB_IMPORT) && !defined(RT_DYNALIB_NO_DEPENDENCY_BREAKING_IMPORTS))

DYNALIB_BEGIN(rt)

DYNALIB_FN(0, rt, malloc, void*(size_t))
 80a02b8:	b508      	push	{r3, lr}
 80a02ba:	4b02      	ldr	r3, [pc, #8]	; (80a02c4 <malloc+0xc>)
 80a02bc:	681b      	ldr	r3, [r3, #0]
 80a02be:	681b      	ldr	r3, [r3, #0]
 80a02c0:	9301      	str	r3, [sp, #4]
 80a02c2:	bd08      	pop	{r3, pc}
 80a02c4:	080601a0 	.word	0x080601a0

080a02c8 <free>:
DYNALIB_FN(1, rt, free, void(void*))
 80a02c8:	b508      	push	{r3, lr}
 80a02ca:	4b02      	ldr	r3, [pc, #8]	; (80a02d4 <free+0xc>)
 80a02cc:	681b      	ldr	r3, [r3, #0]
 80a02ce:	685b      	ldr	r3, [r3, #4]
 80a02d0:	9301      	str	r3, [sp, #4]
 80a02d2:	bd08      	pop	{r3, pc}
 80a02d4:	080601a0 	.word	0x080601a0

080a02d8 <newlib_impure_ptr_callback>:
// RT is currently being imported into system-part1 from system-part2,
// which is the reverse direction.

#if defined(DYNALIB_EXPORT) || (defined(DYNALIB_IMPORT) && !defined(RT_DYNALIB_NO_DEPENDENCY_BREAKING_IMPORTS))
DYNALIB_FN(16, rt, __assert_func, void(const char*, int, const char*, const char*))
DYNALIB_FN(17, rt, newlib_impure_ptr_callback, void(void (*)(struct _reent*, size_t, uint32_t, void*), void*))
 80a02d8:	b508      	push	{r3, lr}
 80a02da:	4b02      	ldr	r3, [pc, #8]	; (80a02e4 <newlib_impure_ptr_callback+0xc>)
 80a02dc:	681b      	ldr	r3, [r3, #0]
 80a02de:	6c5b      	ldr	r3, [r3, #68]	; 0x44
 80a02e0:	9301      	str	r3, [sp, #4]
 80a02e2:	bd08      	pop	{r3, pc}
 80a02e4:	080601a0 	.word	0x080601a0

080a02e8 <_ZNSt14_Function_baseD1Ev>:
	{ __functor._M_access<_Functor*>() = new _Functor(std::move(__f)); }
      };

    _Function_base() : _M_manager(nullptr) { }

    ~_Function_base()
 80a02e8:	b510      	push	{r4, lr}
    {
      if (_M_manager)
 80a02ea:	6883      	ldr	r3, [r0, #8]
    ~_Function_base()
 80a02ec:	4604      	mov	r4, r0
      if (_M_manager)
 80a02ee:	b113      	cbz	r3, 80a02f6 <_ZNSt14_Function_baseD1Ev+0xe>
	_M_manager(_M_functor, _M_functor, __destroy_functor);
 80a02f0:	2203      	movs	r2, #3
 80a02f2:	4601      	mov	r1, r0
 80a02f4:	4798      	blx	r3
    }
 80a02f6:	4620      	mov	r0, r4
 80a02f8:	bd10      	pop	{r4, pc}

080a02fa <_ZN9IPAddressD1Ev>:
    IPAddress(uint8_t first_octet, uint8_t second_octet, uint8_t third_octet, uint8_t fourth_octet);
    IPAddress(uint32_t address);
    IPAddress(const uint8_t* address);
    IPAddress(const HAL_IPAddress& address);

    virtual ~IPAddress() {}
 80a02fa:	4770      	bx	lr

080a02fc <_ZN9IPAddressD0Ev>:
 80a02fc:	b510      	push	{r4, lr}
 80a02fe:	4604      	mov	r4, r0
 80a0300:	2118      	movs	r1, #24
 80a0302:	f000 fbce 	bl	80a0aa2 <_ZdlPvj>
 80a0306:	4620      	mov	r0, r4
 80a0308:	bd10      	pop	{r4, pc}

080a030a <_ZNK9IPAddress7printToER5Print>:
#endif // Wiring_IPv6
	return address.ipv4==that.address.ipv4;
}

size_t IPAddress::printTo(Print& p) const
{
 80a030a:	b5f8      	push	{r3, r4, r5, r6, r7, lr}
 80a030c:	460e      	mov	r6, r1
 80a030e:	2400      	movs	r4, #0
 80a0310:	f100 0708 	add.w	r7, r0, #8
 80a0314:	1d05      	adds	r5, r0, #4
            val = n;
        }
#if __GNUC__ >= 9
#pragma GCC diagnostic pop
#endif // __GNUC__ >= 9
        return printNumber(val, base) + t;
 80a0316:	f817 1d01 	ldrb.w	r1, [r7, #-1]!
 80a031a:	220a      	movs	r2, #10
 80a031c:	4630      	mov	r0, r6
 80a031e:	f000 f8ee 	bl	80a04fe <_ZN5Print11printNumberEmh>
#else
#pragma message "HAL_USE_INET_HAL_POSIX is required for IPv6 support in IPAddress::printTo()"
#endif // HAL_USE_INET_HAL_POSIX
#endif // Wiring_IPv6
    size_t n = 0;
    for (int i = 0; i < 4; i++)
 80a0322:	42af      	cmp	r7, r5
    {
        if (n)
            n += p.print('.');
        n += p.print((*this)[i], DEC);
 80a0324:	4404      	add	r4, r0
    for (int i = 0; i < 4; i++)
 80a0326:	d101      	bne.n	80a032c <_ZNK9IPAddress7printToER5Print+0x22>
    }
    return n;
}
 80a0328:	4620      	mov	r0, r4
 80a032a:	bdf8      	pop	{r3, r4, r5, r6, r7, pc}
        if (n)
 80a032c:	2c00      	cmp	r4, #0
 80a032e:	d0f2      	beq.n	80a0316 <_ZNK9IPAddress7printToER5Print+0xc>
            n += p.print('.');
 80a0330:	212e      	movs	r1, #46	; 0x2e
 80a0332:	4630      	mov	r0, r6
 80a0334:	f000 f8e0 	bl	80a04f8 <_ZN5Print5printEc>
 80a0338:	4404      	add	r4, r0
 80a033a:	e7ec      	b.n	80a0316 <_ZNK9IPAddress7printToER5Print+0xc>

080a033c <_ZN9IPAddressC1Ev>:
IPAddress::IPAddress()
 80a033c:	b510      	push	{r4, lr}
 80a033e:	4604      	mov	r4, r0
 80a0340:	4b04      	ldr	r3, [pc, #16]	; (80a0354 <_ZN9IPAddressC1Ev+0x18>)
        return address;
    }

    virtual size_t printTo(Print& p) const;

    void clear() { memset(&address, 0, sizeof (address)); }
 80a0342:	2211      	movs	r2, #17
 80a0344:	2100      	movs	r1, #0
 80a0346:	f840 3b04 	str.w	r3, [r0], #4
 80a034a:	f000 fbc9 	bl	80a0ae0 <memset>
}
 80a034e:	4620      	mov	r0, r4
 80a0350:	bd10      	pop	{r4, pc}
 80a0352:	bf00      	nop
 80a0354:	080a0b64 	.word	0x080a0b64

080a0358 <_ZN9IPAddressC1ERK16_HAL_IPAddress_t>:
IPAddress::IPAddress(const HAL_IPAddress& address)
 80a0358:	4603      	mov	r3, r0
 80a035a:	4a07      	ldr	r2, [pc, #28]	; (80a0378 <_ZN9IPAddressC1ERK16_HAL_IPAddress_t+0x20>)
 80a035c:	b510      	push	{r4, lr}
 80a035e:	f843 2b04 	str.w	r2, [r3], #4
    memcpy(&this->address, &address, sizeof(address));
 80a0362:	f101 0210 	add.w	r2, r1, #16
 80a0366:	f851 4b04 	ldr.w	r4, [r1], #4
 80a036a:	4291      	cmp	r1, r2
 80a036c:	f843 4b04 	str.w	r4, [r3], #4
 80a0370:	d1f9      	bne.n	80a0366 <_ZN9IPAddressC1ERK16_HAL_IPAddress_t+0xe>
 80a0372:	780a      	ldrb	r2, [r1, #0]
 80a0374:	701a      	strb	r2, [r3, #0]
}
 80a0376:	bd10      	pop	{r4, pc}
 80a0378:	080a0b64 	.word	0x080a0b64

080a037c <_ZN9IPAddressC1Em>:
IPAddress::IPAddress(uint32_t address)
 80a037c:	4a02      	ldr	r2, [pc, #8]	; (80a0388 <_ZN9IPAddressC1Em+0xc>)
    address.ipv4 = ipv4;
 80a037e:	e9c0 2100 	strd	r2, r1, [r0]
        address.v = version;
 80a0382:	2204      	movs	r2, #4
 80a0384:	7502      	strb	r2, [r0, #20]
}
 80a0386:	4770      	bx	lr
 80a0388:	080a0b64 	.word	0x080a0b64

080a038c <_ZN9IPAddress8set_ipv4Ehhhh>:
{
 80a038c:	b510      	push	{r4, lr}
    address.ipv4 = b0<<24 | b1 << 16 | b2 << 8 | b3;
 80a038e:	f89d 4008 	ldrb.w	r4, [sp, #8]
 80a0392:	ea44 2403 	orr.w	r4, r4, r3, lsl #8
 80a0396:	2304      	movs	r3, #4
 80a0398:	ea44 4402 	orr.w	r4, r4, r2, lsl #16
 80a039c:	ea44 6401 	orr.w	r4, r4, r1, lsl #24
 80a03a0:	6044      	str	r4, [r0, #4]
 80a03a2:	7503      	strb	r3, [r0, #20]
}
 80a03a4:	bd10      	pop	{r4, pc}
	...

080a03a8 <_ZN9IPAddressC1Ehhhh>:
IPAddress::IPAddress(uint8_t first_octet, uint8_t second_octet, uint8_t third_octet, uint8_t fourth_octet)
 80a03a8:	b537      	push	{r0, r1, r2, r4, r5, lr}
 80a03aa:	4d04      	ldr	r5, [pc, #16]	; (80a03bc <_ZN9IPAddressC1Ehhhh+0x14>)
 80a03ac:	6005      	str	r5, [r0, #0]
    set_ipv4(first_octet, second_octet, third_octet, fourth_octet);
 80a03ae:	f89d 5018 	ldrb.w	r5, [sp, #24]
 80a03b2:	9500      	str	r5, [sp, #0]
 80a03b4:	f7ff ffea 	bl	80a038c <_ZN9IPAddress8set_ipv4Ehhhh>
}
 80a03b8:	b003      	add	sp, #12
 80a03ba:	bd30      	pop	{r4, r5, pc}
 80a03bc:	080a0b64 	.word	0x080a0b64

080a03c0 <_GLOBAL__sub_I__ZN5spark3LogE>:
    // This handler doesn't support direct logging
}

// spark::Logger
inline spark::Logger::Logger(const char *name) :
        name_(name) {
 80a03c0:	4b01      	ldr	r3, [pc, #4]	; (80a03c8 <_GLOBAL__sub_I__ZN5spark3LogE+0x8>)
 80a03c2:	4a02      	ldr	r2, [pc, #8]	; (80a03cc <_GLOBAL__sub_I__ZN5spark3LogE+0xc>)
 80a03c4:	601a      	str	r2, [r3, #0]
#if Wiring_LogConfig

// spark::
void spark::logProcessControlRequest(ctrl_request* req) {
    JSONRequestHandler::process(req);
}
 80a03c6:	4770      	bx	lr
 80a03c8:	2000006c 	.word	0x2000006c
 80a03cc:	080a0b70 	.word	0x080a0b70

080a03d0 <_ZN5spark12NetworkClass7connectEj>:
        return Network;
    }
}

void NetworkClass::connect(unsigned flags) {
    network_connect(*this, flags, 0, nullptr);
 80a03d0:	2300      	movs	r3, #0
 80a03d2:	6840      	ldr	r0, [r0, #4]
 80a03d4:	461a      	mov	r2, r3
 80a03d6:	f7ff bf0f 	b.w	80a01f8 <network_connect>

080a03da <_ZN5spark12NetworkClass10disconnectEv>:
}

void NetworkClass::disconnect() {
    network_disconnect(*this, NETWORK_DISCONNECT_REASON_USER, nullptr);
 80a03da:	2200      	movs	r2, #0
 80a03dc:	2102      	movs	r1, #2
 80a03de:	6840      	ldr	r0, [r0, #4]
 80a03e0:	f7ff bf1a 	b.w	80a0218 <network_disconnect>

080a03e4 <_ZN5spark12NetworkClass10connectingEv>:
}

bool NetworkClass::connecting() {
    return network_connecting(*this, 0, nullptr);
 80a03e4:	2200      	movs	r2, #0
 80a03e6:	6840      	ldr	r0, [r0, #4]
 80a03e8:	4611      	mov	r1, r2
 80a03ea:	f7ff bf0d 	b.w	80a0208 <network_connecting>

080a03ee <_ZN5spark12NetworkClass5readyEv>:
}

bool NetworkClass::ready() {
    return network_ready(*this, 0, nullptr);
 80a03ee:	2200      	movs	r2, #0
 80a03f0:	6840      	ldr	r0, [r0, #4]
 80a03f2:	4611      	mov	r1, r2
 80a03f4:	f7ff bf18 	b.w	80a0228 <network_ready>

080a03f8 <_ZN5spark12NetworkClass2onEv>:
}

void NetworkClass::on() {
    network_on(*this, 0, 0, nullptr);
 80a03f8:	2300      	movs	r3, #0
 80a03fa:	6840      	ldr	r0, [r0, #4]
 80a03fc:	461a      	mov	r2, r3
 80a03fe:	4619      	mov	r1, r3
 80a0400:	f7ff bf1a 	b.w	80a0238 <network_on>

080a0404 <_ZN5spark12NetworkClass3offEv>:
}

void NetworkClass::off() {
    network_off(*this, 0, 0, nullptr);
 80a0404:	2300      	movs	r3, #0
 80a0406:	6840      	ldr	r0, [r0, #4]
 80a0408:	461a      	mov	r2, r3
 80a040a:	4619      	mov	r1, r3
 80a040c:	f7ff bf1c 	b.w	80a0248 <network_off>

080a0410 <_ZN5spark12NetworkClass4isOnEv>:
}

bool NetworkClass::isOn() {
    return network_is_on(*this, nullptr);
 80a0410:	2100      	movs	r1, #0
 80a0412:	6840      	ldr	r0, [r0, #4]
 80a0414:	f7ff bf40 	b.w	80a0298 <network_is_on>

080a0418 <_ZN5spark12NetworkClass5isOffEv>:
}

bool NetworkClass::isOff() {
    return network_is_off(*this, nullptr);
 80a0418:	2100      	movs	r1, #0
 80a041a:	6840      	ldr	r0, [r0, #4]
 80a041c:	f7ff bf44 	b.w	80a02a8 <network_is_off>

080a0420 <_ZN5spark12NetworkClass6listenEb>:
}

void NetworkClass::listen(bool begin) {
    network_listen(*this, begin ? 0 : 1, nullptr);
 80a0420:	2200      	movs	r2, #0
 80a0422:	6840      	ldr	r0, [r0, #4]
 80a0424:	f081 0101 	eor.w	r1, r1, #1
 80a0428:	f7ff bf16 	b.w	80a0258 <network_listen>

080a042c <_ZN5spark12NetworkClass16setListenTimeoutEt>:
}

void NetworkClass::setListenTimeout(uint16_t timeout) {
    network_set_listen_timeout(*this, timeout, nullptr);
 80a042c:	2200      	movs	r2, #0
 80a042e:	6840      	ldr	r0, [r0, #4]
 80a0430:	f7ff bf22 	b.w	80a0278 <network_set_listen_timeout>

080a0434 <_ZN5spark12NetworkClass16getListenTimeoutEv>:
}

uint16_t NetworkClass::getListenTimeout() {
    return network_get_listen_timeout(*this, 0, nullptr);
 80a0434:	2200      	movs	r2, #0
 80a0436:	6840      	ldr	r0, [r0, #4]
 80a0438:	4611      	mov	r1, r2
 80a043a:	f7ff bf25 	b.w	80a0288 <network_get_listen_timeout>

080a043e <_ZN5spark12NetworkClass9listeningEv>:
}

bool NetworkClass::listening() {
    return network_listening(*this, 0, nullptr);
 80a043e:	2200      	movs	r2, #0
 80a0440:	6840      	ldr	r0, [r0, #4]
 80a0442:	4611      	mov	r1, r2
 80a0444:	f7ff bf10 	b.w	80a0268 <network_listening>

080a0448 <_ZN5spark12NetworkClass7resolveEPKc>:
}

IPAddress NetworkClass::resolve(const char* name) {
 80a0448:	b570      	push	{r4, r5, r6, lr}
 80a044a:	4615      	mov	r5, r2
 80a044c:	b08e      	sub	sp, #56	; 0x38
 80a044e:	4604      	mov	r4, r0
    IPAddress addr;
 80a0450:	a808      	add	r0, sp, #32
 80a0452:	f7ff ff73 	bl	80a033c <_ZN9IPAddressC1Ev>
    }

#if !HAL_USE_INET_HAL_POSIX
    IPAddress resolve(const char* name)
    {
        HAL_IPAddress ip = {};
 80a0456:	2211      	movs	r2, #17
 80a0458:	2100      	movs	r1, #0
 80a045a:	a803      	add	r0, sp, #12
 80a045c:	f000 fb40 	bl	80a0ae0 <memset>
        return (inet_gethostbyname(name, strlen(name), &ip, *this, NULL) != 0) ?
 80a0460:	2600      	movs	r6, #0
 80a0462:	4628      	mov	r0, r5
 80a0464:	f000 fb68 	bl	80a0b38 <strlen>
 80a0468:	4b0a      	ldr	r3, [pc, #40]	; (80a0494 <_ZN5spark12NetworkClass7resolveEPKc+0x4c>)
 80a046a:	9600      	str	r6, [sp, #0]
 80a046c:	b281      	uxth	r1, r0
 80a046e:	685b      	ldr	r3, [r3, #4]
 80a0470:	4628      	mov	r0, r5
 80a0472:	aa03      	add	r2, sp, #12
 80a0474:	f7ff fe94 	bl	80a01a0 <inet_gethostbyname>
                IPAddress(uint32_t(0)) : IPAddress(ip);
 80a0478:	b130      	cbz	r0, 80a0488 <_ZN5spark12NetworkClass7resolveEPKc+0x40>
 80a047a:	4631      	mov	r1, r6
 80a047c:	4620      	mov	r0, r4
 80a047e:	f7ff ff7d 	bl	80a037c <_ZN9IPAddressC1Em>
    return Cellular.resolve(name);
#endif // Wiring_Cellular

#endif // HAL_USE_INET_HAL_POSIX
    return addr;
}
 80a0482:	4620      	mov	r0, r4
 80a0484:	b00e      	add	sp, #56	; 0x38
 80a0486:	bd70      	pop	{r4, r5, r6, pc}
 80a0488:	4620      	mov	r0, r4
 80a048a:	a903      	add	r1, sp, #12
 80a048c:	f7ff ff64 	bl	80a0358 <_ZN9IPAddressC1ERK16_HAL_IPAddress_t>
    virtual ~IPAddress() {}
 80a0490:	e7f7      	b.n	80a0482 <_ZN5spark12NetworkClass7resolveEPKc+0x3a>
 80a0492:	bf00      	nop
 80a0494:	200004f0 	.word	0x200004f0

080a0498 <_GLOBAL__sub_I__ZN5spark7NetworkE>:
    static NetworkClass& from(network_interface_t nif);

    virtual IPAddress resolve(const char* name);

    explicit NetworkClass(network_interface_t iface)
            : iface_(iface) {
 80a0498:	4b02      	ldr	r3, [pc, #8]	; (80a04a4 <_GLOBAL__sub_I__ZN5spark7NetworkE+0xc>)
 80a049a:	4a03      	ldr	r2, [pc, #12]	; (80a04a8 <_GLOBAL__sub_I__ZN5spark7NetworkE+0x10>)
 80a049c:	601a      	str	r2, [r3, #0]
 80a049e:	2200      	movs	r2, #0
 80a04a0:	605a      	str	r2, [r3, #4]

} // spark
 80a04a2:	4770      	bx	lr
 80a04a4:	20000070 	.word	0x20000070
 80a04a8:	080a0b7c 	.word	0x080a0b7c

080a04ac <_ZN5Print5writeEPKhj>:

// Public Methods //////////////////////////////////////////////////////////////

/* default implementation: may be overridden */
size_t Print::write(const uint8_t *buffer, size_t size)
{
 80a04ac:	b5f8      	push	{r3, r4, r5, r6, r7, lr}
 80a04ae:	4606      	mov	r6, r0
 80a04b0:	460d      	mov	r5, r1
  size_t n = 0;
 80a04b2:	2400      	movs	r4, #0
 80a04b4:	188f      	adds	r7, r1, r2
  while (size--) {
 80a04b6:	42bd      	cmp	r5, r7
 80a04b8:	d00c      	beq.n	80a04d4 <_ZN5Print5writeEPKhj+0x28>
     int chunk = write(*buffer++);
 80a04ba:	6833      	ldr	r3, [r6, #0]
 80a04bc:	4630      	mov	r0, r6
 80a04be:	689b      	ldr	r3, [r3, #8]
 80a04c0:	f815 1b01 	ldrb.w	r1, [r5], #1
 80a04c4:	4798      	blx	r3
     if (chunk>=0)
 80a04c6:	1e03      	subs	r3, r0, #0
 80a04c8:	db01      	blt.n	80a04ce <_ZN5Print5writeEPKhj+0x22>
         n += chunk;
 80a04ca:	441c      	add	r4, r3
  while (size--) {
 80a04cc:	e7f3      	b.n	80a04b6 <_ZN5Print5writeEPKhj+0xa>
     int chunk = write(*buffer++);
 80a04ce:	2c00      	cmp	r4, #0
 80a04d0:	bf08      	it	eq
 80a04d2:	461c      	moveq	r4, r3
             n = chunk;
         break;
     }
  }
  return n;
}
 80a04d4:	4620      	mov	r0, r4
 80a04d6:	bdf8      	pop	{r3, r4, r5, r6, r7, pc}

080a04d8 <_ZN5Print5writeEPKc>:
    size_t write(const char *str) {
 80a04d8:	b570      	push	{r4, r5, r6, lr}
 80a04da:	4605      	mov	r5, r0
      if (str == NULL) return 0;
 80a04dc:	460c      	mov	r4, r1
    }
 80a04de:	4608      	mov	r0, r1
      if (str == NULL) return 0;
 80a04e0:	b149      	cbz	r1, 80a04f6 <_ZN5Print5writeEPKc+0x1e>
      return write((const uint8_t *)str, strlen(str));
 80a04e2:	f000 fb29 	bl	80a0b38 <strlen>
 80a04e6:	682b      	ldr	r3, [r5, #0]
 80a04e8:	4602      	mov	r2, r0
 80a04ea:	4621      	mov	r1, r4
 80a04ec:	4628      	mov	r0, r5
    }
 80a04ee:	e8bd 4070 	ldmia.w	sp!, {r4, r5, r6, lr}
      return write((const uint8_t *)str, strlen(str));
 80a04f2:	68db      	ldr	r3, [r3, #12]
 80a04f4:	4718      	bx	r3
    }
 80a04f6:	bd70      	pop	{r4, r5, r6, pc}

080a04f8 <_ZN5Print5printEc>:
  return write(str);
}

size_t Print::print(char c)
{
  return write(c);
 80a04f8:	6803      	ldr	r3, [r0, #0]
 80a04fa:	689b      	ldr	r3, [r3, #8]
 80a04fc:	4718      	bx	r3

080a04fe <_ZN5Print11printNumberEmh>:

size_t Print::printNumber(unsigned long n, uint8_t base) {
  char buf[8 * sizeof(n) + 1]; // Assumes 8-bit chars plus zero byte.
  char *str = &buf[sizeof(buf) - 1];

  *str = '\0';
 80a04fe:	2300      	movs	r3, #0

  // prevent crash if called with base == 1
  if (base < 2) base = 10;
 80a0500:	2a01      	cmp	r2, #1
 80a0502:	bf98      	it	ls
 80a0504:	220a      	movls	r2, #10
size_t Print::printNumber(unsigned long n, uint8_t base) {
 80a0506:	b530      	push	{r4, r5, lr}
 80a0508:	b08b      	sub	sp, #44	; 0x2c
 80a050a:	460c      	mov	r4, r1
  *str = '\0';
 80a050c:	f88d 3024 	strb.w	r3, [sp, #36]	; 0x24
  if (base < 2) base = 10;
 80a0510:	a909      	add	r1, sp, #36	; 0x24

  do {
   decltype(n) m = n;
   n /= base;
 80a0512:	4625      	mov	r5, r4
 80a0514:	fbb4 f4f2 	udiv	r4, r4, r2
   char c = m - base * n;
 80a0518:	fb04 5312 	mls	r3, r4, r2, r5
 80a051c:	b2db      	uxtb	r3, r3
   *--str = c < 10 ? c + '0' : c + 'A' - 10;
 80a051e:	2b09      	cmp	r3, #9
 80a0520:	bf94      	ite	ls
 80a0522:	3330      	addls	r3, #48	; 0x30
 80a0524:	3337      	addhi	r3, #55	; 0x37
 80a0526:	b2db      	uxtb	r3, r3
  } while(n);
 80a0528:	42aa      	cmp	r2, r5
   *--str = c < 10 ? c + '0' : c + 'A' - 10;
 80a052a:	f801 3d01 	strb.w	r3, [r1, #-1]!
  } while(n);
 80a052e:	d9f0      	bls.n	80a0512 <_ZN5Print11printNumberEmh+0x14>

  return write(str);
 80a0530:	f7ff ffd2 	bl	80a04d8 <_ZN5Print5writeEPKc>
}
 80a0534:	b00b      	add	sp, #44	; 0x2c
 80a0536:	bd30      	pop	{r4, r5, pc}

080a0538 <_ZN8RGBClassD1Ev>:
#include "rgbled.h"

typedef void (raw_rgb_change_handler_t)(uint8_t, uint8_t, uint8_t);
typedef std::function<raw_rgb_change_handler_t> wiring_rgb_change_handler_t;

class RGBClass {
 80a0538:	b510      	push	{r4, lr}
 80a053a:	4604      	mov	r4, r0
   *  @ingroup functors
   *
   *  Polymorphic function wrapper.
   */
  template<typename _Res, typename... _ArgTypes>
    class function<_Res(_ArgTypes...)>
 80a053c:	f7ff fed4 	bl	80a02e8 <_ZNSt14_Function_baseD1Ev>
 80a0540:	4620      	mov	r0, r4
 80a0542:	bd10      	pop	{r4, pc}

080a0544 <_GLOBAL__sub_I_RGB>:
    _Function_base() : _M_manager(nullptr) { }
 80a0544:	2300      	movs	r3, #0
 80a0546:	4803      	ldr	r0, [pc, #12]	; (80a0554 <_GLOBAL__sub_I_RGB+0x10>)
#include "spark_wiring_rgb.h"
#include "spark_wiring_interrupts.h"

#include "core_hal.h"

RGBClass RGB;
 80a0548:	4a03      	ldr	r2, [pc, #12]	; (80a0558 <_GLOBAL__sub_I_RGB+0x14>)
 80a054a:	4904      	ldr	r1, [pc, #16]	; (80a055c <_GLOBAL__sub_I_RGB+0x18>)
 80a054c:	6083      	str	r3, [r0, #8]
 80a054e:	f000 baa3 	b.w	80a0a98 <__aeabi_atexit>
 80a0552:	bf00      	nop
 80a0554:	20000078 	.word	0x20000078
 80a0558:	20000068 	.word	0x20000068
 80a055c:	080a0539 	.word	0x080a0539

080a0560 <_ZN17SystemSleepResult22freeWakeupSourceMemoryEv.isra.0>:
    operator SleepResult() {
        return toSleepResult();
    }

private:
    void freeWakeupSourceMemory() {
 80a0560:	b510      	push	{r4, lr}
 80a0562:	4604      	mov	r4, r0
        if (wakeupSource_) {
 80a0564:	6800      	ldr	r0, [r0, #0]
 80a0566:	b118      	cbz	r0, 80a0570 <_ZN17SystemSleepResult22freeWakeupSourceMemoryEv.isra.0+0x10>
            free(wakeupSource_);
 80a0568:	f7ff feae 	bl	80a02c8 <free>
            wakeupSource_ = nullptr;
 80a056c:	2300      	movs	r3, #0
 80a056e:	6023      	str	r3, [r4, #0]
        }
    }
 80a0570:	bd10      	pop	{r4, pc}

080a0572 <_ZN11SystemClassD1Ev>:
    system_error_t error_;
    SleepResult compatResult_;
};


class SystemClass {
 80a0572:	b510      	push	{r4, lr}
 80a0574:	4604      	mov	r4, r0
        freeWakeupSourceMemory();
 80a0576:	f7ff fff3 	bl	80a0560 <_ZN17SystemSleepResult22freeWakeupSourceMemoryEv.isra.0>
class SystemClass {
 80a057a:	4620      	mov	r0, r4
 80a057c:	bd10      	pop	{r4, pc}
	...

080a0580 <_GLOBAL__sub_I_System>:
} // namespace particle

// particle::Flag<TagT, ValueT>
template<typename TagT, typename ValueT>
inline particle::Flag<TagT, ValueT>::Flag(ValueT val) :
        val_(val) {
 80a0580:	2202      	movs	r2, #2
              error_(SYSTEM_ERROR_NONE) {
 80a0582:	2000      	movs	r0, #0
    return wokenUpByRtc();
}

system_error_t SleepResult::error() const {
    return err_;
 80a0584:	b510      	push	{r4, lr}
 80a0586:	4b08      	ldr	r3, [pc, #32]	; (80a05a8 <_GLOBAL__sub_I_System+0x28>)
 80a0588:	4c08      	ldr	r4, [pc, #32]	; (80a05ac <_GLOBAL__sub_I_System+0x2c>)
 80a058a:	601a      	str	r2, [r3, #0]
    SleepResult() {}
 80a058c:	4b08      	ldr	r3, [pc, #32]	; (80a05b0 <_GLOBAL__sub_I_System+0x30>)
              error_(SYSTEM_ERROR_NONE) {
 80a058e:	6020      	str	r0, [r4, #0]
 80a0590:	80a0      	strh	r0, [r4, #4]
    SleepResult() {}
 80a0592:	71a0      	strb	r0, [r4, #6]
 80a0594:	60a3      	str	r3, [r4, #8]
public:

    SystemClass(System_Mode_TypeDef mode = DEFAULT) {
        set_system_mode(mode);
 80a0596:	f7ff fe0b 	bl	80a01b0 <set_system_mode>
SystemClass System;
 80a059a:	4620      	mov	r0, r4
 80a059c:	e8bd 4010 	ldmia.w	sp!, {r4, lr}
SystemClass System;
 80a05a0:	4a04      	ldr	r2, [pc, #16]	; (80a05b4 <_GLOBAL__sub_I_System+0x34>)
 80a05a2:	4905      	ldr	r1, [pc, #20]	; (80a05b8 <_GLOBAL__sub_I_System+0x38>)
 80a05a4:	f000 ba78 	b.w	80a0a98 <__aeabi_atexit>
 80a05a8:	20000094 	.word	0x20000094
 80a05ac:	20000088 	.word	0x20000088
 80a05b0:	ffff0000 	.word	0xffff0000
 80a05b4:	20000068 	.word	0x20000068
 80a05b8:	080a0573 	.word	0x080a0573

080a05bc <_GLOBAL__sub_I_TIME_FORMAT_DEFAULT>:
            calendar_time_cache = Convert_UnixTime_To_CalendarTime(unix_time);
            unix_time_cache = unix_time;
    }
}

const char* TimeClass::format_spec = TIME_FORMAT_DEFAULT;
 80a05bc:	4b02      	ldr	r3, [pc, #8]	; (80a05c8 <_GLOBAL__sub_I_TIME_FORMAT_DEFAULT+0xc>)
 80a05be:	681a      	ldr	r2, [r3, #0]
 80a05c0:	4b02      	ldr	r3, [pc, #8]	; (80a05cc <_GLOBAL__sub_I_TIME_FORMAT_DEFAULT+0x10>)
 80a05c2:	601a      	str	r2, [r3, #0]
{
  return isValid();
}


TimeClass Time;
 80a05c4:	4770      	bx	lr
 80a05c6:	bf00      	nop
 80a05c8:	20000000 	.word	0x20000000
 80a05cc:	20000098 	.word	0x20000098

080a05d0 <_ZN11USARTSerialD1Ev>:
private:
  hal_usart_interface_t _serial;
  bool _blocking;
public:
  USARTSerial(hal_usart_interface_t serial, hal_usart_ring_buffer_t *rx_buffer, hal_usart_ring_buffer_t *tx_buffer);
  virtual ~USARTSerial() {};
 80a05d0:	4770      	bx	lr

080a05d2 <_ZN11USARTSerial14blockOnOverrunEb>:
    hal_usart_half_duplex(_serial, Enable);
}

void USARTSerial::blockOnOverrun(bool block)
{
  _blocking = block;
 80a05d2:	7441      	strb	r1, [r0, #17]
}
 80a05d4:	4770      	bx	lr

080a05d6 <_ZN11USARTSerial17availableForWriteEv>:


int USARTSerial::availableForWrite(void)
{
 80a05d6:	b508      	push	{r3, lr}
  return std::max(0, (int)hal_usart_available_data_for_write(_serial));
 80a05d8:	7c00      	ldrb	r0, [r0, #16]
 80a05da:	f7ff fda9 	bl	80a0130 <hal_usart_available_data_for_write>
}
 80a05de:	ea20 70e0 	bic.w	r0, r0, r0, asr #31
 80a05e2:	bd08      	pop	{r3, pc}

080a05e4 <_ZN11USARTSerial9availableEv>:

int USARTSerial::available(void)
{
 80a05e4:	b508      	push	{r3, lr}
  return std::max(0, (int)hal_usart_available(_serial));
 80a05e6:	7c00      	ldrb	r0, [r0, #16]
 80a05e8:	f7ff fd82 	bl	80a00f0 <hal_usart_available>
}
 80a05ec:	ea20 70e0 	bic.w	r0, r0, r0, asr #31
 80a05f0:	bd08      	pop	{r3, pc}

080a05f2 <_ZN11USARTSerial4peekEv>:

int USARTSerial::peek(void)
{
 80a05f2:	b508      	push	{r3, lr}
  return std::max(-1, (int)hal_usart_peek(_serial));
 80a05f4:	7c00      	ldrb	r0, [r0, #16]
 80a05f6:	f7ff fd8b 	bl	80a0110 <hal_usart_peek>
}
 80a05fa:	ea40 70e0 	orr.w	r0, r0, r0, asr #31
 80a05fe:	bd08      	pop	{r3, pc}

080a0600 <_ZN11USARTSerial4readEv>:

int USARTSerial::read(void)
{
 80a0600:	b508      	push	{r3, lr}
  return std::max(-1, (int)hal_usart_read(_serial));
 80a0602:	7c00      	ldrb	r0, [r0, #16]
 80a0604:	f7ff fd7c 	bl	80a0100 <hal_usart_read>
}
 80a0608:	ea40 70e0 	orr.w	r0, r0, r0, asr #31
 80a060c:	bd08      	pop	{r3, pc}

080a060e <_ZN11USARTSerial5flushEv>:

void USARTSerial::flush()
{
  hal_usart_flush(_serial);
 80a060e:	7c00      	ldrb	r0, [r0, #16]
 80a0610:	f7ff bd86 	b.w	80a0120 <hal_usart_flush>

080a0614 <_ZN11USARTSerial5writeEh>:
}

size_t USARTSerial::write(uint8_t c)
{
 80a0614:	b570      	push	{r4, r5, r6, lr}
  // attempt a write if blocking, or for non-blocking if there is room.
  if (_blocking || hal_usart_available_data_for_write(_serial) > 0) {
 80a0616:	7c46      	ldrb	r6, [r0, #17]
{
 80a0618:	4604      	mov	r4, r0
 80a061a:	460d      	mov	r5, r1
  if (_blocking || hal_usart_available_data_for_write(_serial) > 0) {
 80a061c:	b12e      	cbz	r6, 80a062a <_ZN11USARTSerial5writeEh+0x16>
    // the HAL always blocks.
	  return hal_usart_write(_serial, c);
 80a061e:	4629      	mov	r1, r5
 80a0620:	7c20      	ldrb	r0, [r4, #16]
  }
  return 0;
}
 80a0622:	e8bd 4070 	ldmia.w	sp!, {r4, r5, r6, lr}
	  return hal_usart_write(_serial, c);
 80a0626:	f7ff bd5b 	b.w	80a00e0 <hal_usart_write>
  if (_blocking || hal_usart_available_data_for_write(_serial) > 0) {
 80a062a:	7c00      	ldrb	r0, [r0, #16]
 80a062c:	f7ff fd80 	bl	80a0130 <hal_usart_available_data_for_write>
 80a0630:	2800      	cmp	r0, #0
 80a0632:	dcf4      	bgt.n	80a061e <_ZN11USARTSerial5writeEh+0xa>
}
 80a0634:	4630      	mov	r0, r6
 80a0636:	bd70      	pop	{r4, r5, r6, pc}

080a0638 <_ZN11USARTSerialD0Ev>:
 80a0638:	b510      	push	{r4, lr}
 80a063a:	4604      	mov	r4, r0
 80a063c:	2114      	movs	r1, #20
 80a063e:	f000 fa30 	bl	80a0aa2 <_ZdlPvj>
 80a0642:	4620      	mov	r0, r4
 80a0644:	bd10      	pop	{r4, pc}
	...

080a0648 <_ZN11USARTSerialC1E21hal_usart_interface_tP23hal_usart_ring_buffer_tS2_>:
    virtual int available() = 0;
    virtual int read() = 0;
    virtual int peek() = 0;
    virtual void flush() = 0;

    Stream() {_timeout=1000;}
 80a0648:	f04f 0c00 	mov.w	ip, #0
USARTSerial::USARTSerial(hal_usart_interface_t serial, hal_usart_ring_buffer_t *rx_buffer, hal_usart_ring_buffer_t *tx_buffer)
 80a064c:	b510      	push	{r4, lr}
 80a064e:	4604      	mov	r4, r0
 80a0650:	4608      	mov	r0, r1
 80a0652:	4611      	mov	r1, r2
 80a0654:	f44f 727a 	mov.w	r2, #1000	; 0x3e8
 80a0658:	e9c4 c201 	strd	ip, r2, [r4, #4]
 80a065c:	4a04      	ldr	r2, [pc, #16]	; (80a0670 <_ZN11USARTSerialC1E21hal_usart_interface_tP23hal_usart_ring_buffer_tS2_+0x28>)
  _serial = serial;
 80a065e:	7420      	strb	r0, [r4, #16]
USARTSerial::USARTSerial(hal_usart_interface_t serial, hal_usart_ring_buffer_t *rx_buffer, hal_usart_ring_buffer_t *tx_buffer)
 80a0660:	6022      	str	r2, [r4, #0]
  _blocking = true;
 80a0662:	2201      	movs	r2, #1
 80a0664:	7462      	strb	r2, [r4, #17]
  hal_usart_init(serial, rx_buffer, tx_buffer);
 80a0666:	461a      	mov	r2, r3
 80a0668:	f7ff fd32 	bl	80a00d0 <hal_usart_init>
}
 80a066c:	4620      	mov	r0, r4
 80a066e:	bd10      	pop	{r4, pc}
 80a0670:	080a0bd4 	.word	0x080a0bd4

080a0674 <_Z22__fetch_global_Serial1v>:
static hal_usart_ring_buffer_t* serial1_rx_buffer = nullptr;
static hal_usart_ring_buffer_t* serial1_tx_buffer = nullptr;
#endif

USARTSerial& __fetch_global_Serial1()
{
 80a0674:	b538      	push	{r3, r4, r5, lr}
#if ((MODULE_FUNCTION == MOD_FUNC_USER_PART) || (MODULE_FUNCTION == MOD_FUNC_MONO_FIRMWARE))
	static USARTSerial serial1(HAL_USART_SERIAL1, &serial1_rx_buffer, &serial1_tx_buffer);
 80a0676:	4d0d      	ldr	r5, [pc, #52]	; (80a06ac <_Z22__fetch_global_Serial1v+0x38>)
 80a0678:	7829      	ldrb	r1, [r5, #0]
 80a067a:	f3bf 8f5b 	dmb	ish
 80a067e:	f011 0401 	ands.w	r4, r1, #1
 80a0682:	d111      	bne.n	80a06a8 <_Z22__fetch_global_Serial1v+0x34>
 80a0684:	4628      	mov	r0, r5
 80a0686:	f7ff fd08 	bl	80a009a <__cxa_guard_acquire>
 80a068a:	b168      	cbz	r0, 80a06a8 <_Z22__fetch_global_Serial1v+0x34>
 80a068c:	4621      	mov	r1, r4
 80a068e:	4a08      	ldr	r2, [pc, #32]	; (80a06b0 <_Z22__fetch_global_Serial1v+0x3c>)
 80a0690:	4b08      	ldr	r3, [pc, #32]	; (80a06b4 <_Z22__fetch_global_Serial1v+0x40>)
 80a0692:	4809      	ldr	r0, [pc, #36]	; (80a06b8 <_Z22__fetch_global_Serial1v+0x44>)
 80a0694:	f7ff ffd8 	bl	80a0648 <_ZN11USARTSerialC1E21hal_usart_interface_tP23hal_usart_ring_buffer_tS2_>
 80a0698:	4628      	mov	r0, r5
 80a069a:	f7ff fd03 	bl	80a00a4 <__cxa_guard_release>
 80a069e:	4a07      	ldr	r2, [pc, #28]	; (80a06bc <_Z22__fetch_global_Serial1v+0x48>)
 80a06a0:	4907      	ldr	r1, [pc, #28]	; (80a06c0 <_Z22__fetch_global_Serial1v+0x4c>)
 80a06a2:	4805      	ldr	r0, [pc, #20]	; (80a06b8 <_Z22__fetch_global_Serial1v+0x44>)
 80a06a4:	f000 f9f8 	bl	80a0a98 <__aeabi_atexit>
    serial1_tx_buffer = new hal_usart_ring_buffer_t();
  }
  static USARTSerial serial1(HAL_USART_SERIAL1, serial1_rx_buffer, serial1_tx_buffer);
#endif
	return serial1;
}
 80a06a8:	4803      	ldr	r0, [pc, #12]	; (80a06b8 <_Z22__fetch_global_Serial1v+0x44>)
 80a06aa:	bd38      	pop	{r3, r4, r5, pc}
 80a06ac:	2000009c 	.word	0x2000009c
 80a06b0:	200000a0 	.word	0x200000a0
 80a06b4:	20000124 	.word	0x20000124
 80a06b8:	200001a8 	.word	0x200001a8
 80a06bc:	20000068 	.word	0x20000068
 80a06c0:	080a05d1 	.word	0x080a05d1

080a06c4 <_ZN9USBSerial14blockOnOverrunEb>:
  HAL_USB_USART_Flush_Data(_serial);
}

void USBSerial::blockOnOverrun(bool block)
{
  _blocking = block;
 80a06c4:	7441      	strb	r1, [r0, #17]
}
 80a06c6:	4770      	bx	lr

080a06c8 <_ZN9USBSerialD1Ev>:
#include "usb_hal.h"
#include "system_task.h"
#include "spark_wiring_startup.h"
#include "concurrent_hal.h"

class USBSerial : public Stream
 80a06c8:	4770      	bx	lr

080a06ca <_ZN9USBSerial4readEv>:
{
 80a06ca:	b508      	push	{r3, lr}
	return std::max(-1, (int)HAL_USB_USART_Receive_Data(_serial, false));
 80a06cc:	2100      	movs	r1, #0
 80a06ce:	7c00      	ldrb	r0, [r0, #16]
 80a06d0:	f7ff fd4e 	bl	80a0170 <HAL_USB_USART_Receive_Data>
}
 80a06d4:	ea40 70e0 	orr.w	r0, r0, r0, asr #31
 80a06d8:	bd08      	pop	{r3, pc}

080a06da <_ZN9USBSerial4peekEv>:

int USBSerial::peek()
{
 80a06da:	b508      	push	{r3, lr}
	return std::max(-1, (int)HAL_USB_USART_Receive_Data(_serial, true));
 80a06dc:	2101      	movs	r1, #1
 80a06de:	7c00      	ldrb	r0, [r0, #16]
 80a06e0:	f7ff fd46 	bl	80a0170 <HAL_USB_USART_Receive_Data>
}
 80a06e4:	ea40 70e0 	orr.w	r0, r0, r0, asr #31
 80a06e8:	bd08      	pop	{r3, pc}

080a06ea <_ZN9USBSerial17availableForWriteEv>:
{
 80a06ea:	b508      	push	{r3, lr}
  return std::max(0, (int)HAL_USB_USART_Available_Data_For_Write(_serial));
 80a06ec:	7c00      	ldrb	r0, [r0, #16]
 80a06ee:	f7ff fd37 	bl	80a0160 <HAL_USB_USART_Available_Data_For_Write>
}
 80a06f2:	ea20 70e0 	bic.w	r0, r0, r0, asr #31
 80a06f6:	bd08      	pop	{r3, pc}

080a06f8 <_ZN9USBSerial9availableEv>:
{
 80a06f8:	b508      	push	{r3, lr}
	return std::max(0, (int)HAL_USB_USART_Available_Data(_serial));
 80a06fa:	7c00      	ldrb	r0, [r0, #16]
 80a06fc:	f7ff fd28 	bl	80a0150 <HAL_USB_USART_Available_Data>
}
 80a0700:	ea20 70e0 	bic.w	r0, r0, r0, asr #31
 80a0704:	bd08      	pop	{r3, pc}

080a0706 <_ZN9USBSerial5writeEh>:
{
 80a0706:	b538      	push	{r3, r4, r5, lr}
 80a0708:	4604      	mov	r4, r0
  if (HAL_USB_USART_Available_Data_For_Write(_serial) > 0 || _blocking) {
 80a070a:	7c00      	ldrb	r0, [r0, #16]
{
 80a070c:	460d      	mov	r5, r1
  if (HAL_USB_USART_Available_Data_For_Write(_serial) > 0 || _blocking) {
 80a070e:	f7ff fd27 	bl	80a0160 <HAL_USB_USART_Available_Data_For_Write>
 80a0712:	2800      	cmp	r0, #0
 80a0714:	dc01      	bgt.n	80a071a <_ZN9USBSerial5writeEh+0x14>
 80a0716:	7c60      	ldrb	r0, [r4, #17]
 80a0718:	b128      	cbz	r0, 80a0726 <_ZN9USBSerial5writeEh+0x20>
    return std::max(0, (int)HAL_USB_USART_Send_Data(_serial, byte));
 80a071a:	4629      	mov	r1, r5
 80a071c:	7c20      	ldrb	r0, [r4, #16]
 80a071e:	f7ff fd2f 	bl	80a0180 <HAL_USB_USART_Send_Data>
 80a0722:	ea20 70e0 	bic.w	r0, r0, r0, asr #31
}
 80a0726:	bd38      	pop	{r3, r4, r5, pc}

080a0728 <_ZN9USBSerial5flushEv>:
  HAL_USB_USART_Flush_Data(_serial);
 80a0728:	7c00      	ldrb	r0, [r0, #16]
 80a072a:	f7ff bd31 	b.w	80a0190 <HAL_USB_USART_Flush_Data>

080a072e <_ZN9USBSerialD0Ev>:
 80a072e:	b510      	push	{r4, lr}
 80a0730:	4604      	mov	r4, r0
 80a0732:	2114      	movs	r1, #20
 80a0734:	f000 f9b5 	bl	80a0aa2 <_ZdlPvj>
 80a0738:	4620      	mov	r0, r4
 80a073a:	bd10      	pop	{r4, pc}

080a073c <_ZN9USBSerialC1E20HAL_USB_USART_SerialRK20HAL_USB_USART_Config>:
USBSerial::USBSerial(HAL_USB_USART_Serial serial, const HAL_USB_USART_Config& conf)
 80a073c:	b510      	push	{r4, lr}
 80a073e:	f44f 737a 	mov.w	r3, #1000	; 0x3e8
 80a0742:	4604      	mov	r4, r0
 80a0744:	4608      	mov	r0, r1
 80a0746:	2100      	movs	r1, #0
 80a0748:	e9c4 1301 	strd	r1, r3, [r4, #4]
 80a074c:	4b04      	ldr	r3, [pc, #16]	; (80a0760 <_ZN9USBSerialC1E20HAL_USB_USART_SerialRK20HAL_USB_USART_Config+0x24>)
  _serial = serial;
 80a074e:	7420      	strb	r0, [r4, #16]
USBSerial::USBSerial(HAL_USB_USART_Serial serial, const HAL_USB_USART_Config& conf)
 80a0750:	6023      	str	r3, [r4, #0]
  _blocking = true;
 80a0752:	2301      	movs	r3, #1
  HAL_USB_USART_Init(_serial, &conf);
 80a0754:	4611      	mov	r1, r2
  _blocking = true;
 80a0756:	7463      	strb	r3, [r4, #17]
  HAL_USB_USART_Init(_serial, &conf);
 80a0758:	f7ff fcf2 	bl	80a0140 <HAL_USB_USART_Init>
}
 80a075c:	4620      	mov	r0, r4
 80a075e:	bd10      	pop	{r4, pc}
 80a0760:	080a0c04 	.word	0x080a0c04

080a0764 <_Z19acquireSerialBufferv>:

// Preinstantiate Objects //////////////////////////////////////////////////////
#ifdef SPARK_USB_SERIAL

HAL_USB_USART_Config __attribute__((weak)) acquireSerialBuffer()
{
 80a0764:	b510      	push	{r4, lr}
 80a0766:	4604      	mov	r4, r0
  HAL_USB_USART_Config conf = {0};
 80a0768:	2214      	movs	r2, #20
 80a076a:	2100      	movs	r1, #0
 80a076c:	f000 f9b8 	bl	80a0ae0 <memset>

#if defined(USB_SERIAL_USERSPACE_BUFFERS) && ((MODULE_FUNCTION == MOD_FUNC_USER_PART) || (MODULE_FUNCTION == MOD_FUNC_MONO_FIRMWARE))
  static uint8_t serial_rx_buffer[USB_RX_BUFFER_SIZE];
  static uint8_t serial_tx_buffer[USB_TX_BUFFER_SIZE];

  conf.rx_buffer = serial_rx_buffer;
 80a0770:	4b05      	ldr	r3, [pc, #20]	; (80a0788 <_Z19acquireSerialBufferv+0x24>)
  conf.rx_buffer_size = USB_RX_BUFFER_SIZE;
  conf.tx_buffer_size = USB_TX_BUFFER_SIZE;
#endif

  return conf;
}
 80a0772:	4620      	mov	r0, r4
  conf.rx_buffer = serial_rx_buffer;
 80a0774:	6063      	str	r3, [r4, #4]
  conf.tx_buffer = serial_tx_buffer;
 80a0776:	4b05      	ldr	r3, [pc, #20]	; (80a078c <_Z19acquireSerialBufferv+0x28>)
 80a0778:	60e3      	str	r3, [r4, #12]
  conf.rx_buffer_size = USB_RX_BUFFER_SIZE;
 80a077a:	f240 1301 	movw	r3, #257	; 0x101
 80a077e:	8123      	strh	r3, [r4, #8]
  conf.tx_buffer_size = USB_TX_BUFFER_SIZE;
 80a0780:	2381      	movs	r3, #129	; 0x81
 80a0782:	8223      	strh	r3, [r4, #16]
}
 80a0784:	bd10      	pop	{r4, pc}
 80a0786:	bf00      	nop
 80a0788:	200001ec 	.word	0x200001ec
 80a078c:	200002ed 	.word	0x200002ed

080a0790 <_Z16_fetch_usbserialv>:

USBSerial& _fetch_usbserial()
{
 80a0790:	b530      	push	{r4, r5, lr}
  HAL_USB_USART_Config conf = acquireSerialBuffer();
	static USBSerial _usbserial(HAL_USB_USART_SERIAL, conf);
 80a0792:	4d0f      	ldr	r5, [pc, #60]	; (80a07d0 <_Z16_fetch_usbserialv+0x40>)
{
 80a0794:	b087      	sub	sp, #28
  HAL_USB_USART_Config conf = acquireSerialBuffer();
 80a0796:	a801      	add	r0, sp, #4
 80a0798:	f7ff ffe4 	bl	80a0764 <_Z19acquireSerialBufferv>
	static USBSerial _usbserial(HAL_USB_USART_SERIAL, conf);
 80a079c:	7829      	ldrb	r1, [r5, #0]
 80a079e:	f3bf 8f5b 	dmb	ish
 80a07a2:	f011 0401 	ands.w	r4, r1, #1
 80a07a6:	d110      	bne.n	80a07ca <_Z16_fetch_usbserialv+0x3a>
 80a07a8:	4628      	mov	r0, r5
 80a07aa:	f7ff fc76 	bl	80a009a <__cxa_guard_acquire>
 80a07ae:	b160      	cbz	r0, 80a07ca <_Z16_fetch_usbserialv+0x3a>
 80a07b0:	4621      	mov	r1, r4
 80a07b2:	aa01      	add	r2, sp, #4
 80a07b4:	4807      	ldr	r0, [pc, #28]	; (80a07d4 <_Z16_fetch_usbserialv+0x44>)
 80a07b6:	f7ff ffc1 	bl	80a073c <_ZN9USBSerialC1E20HAL_USB_USART_SerialRK20HAL_USB_USART_Config>
 80a07ba:	4628      	mov	r0, r5
 80a07bc:	f7ff fc72 	bl	80a00a4 <__cxa_guard_release>
 80a07c0:	4a05      	ldr	r2, [pc, #20]	; (80a07d8 <_Z16_fetch_usbserialv+0x48>)
 80a07c2:	4906      	ldr	r1, [pc, #24]	; (80a07dc <_Z16_fetch_usbserialv+0x4c>)
 80a07c4:	4803      	ldr	r0, [pc, #12]	; (80a07d4 <_Z16_fetch_usbserialv+0x44>)
 80a07c6:	f000 f967 	bl	80a0a98 <__aeabi_atexit>
	return _usbserial;
}
 80a07ca:	4802      	ldr	r0, [pc, #8]	; (80a07d4 <_Z16_fetch_usbserialv+0x44>)
 80a07cc:	b007      	add	sp, #28
 80a07ce:	bd30      	pop	{r4, r5, pc}
 80a07d0:	200001bc 	.word	0x200001bc
 80a07d4:	200001c4 	.word	0x200001c4
 80a07d8:	20000068 	.word	0x20000068
 80a07dc:	080a06c9 	.word	0x080a06c9

080a07e0 <_Z23acquireUSBSerial1Bufferv>:

#if Wiring_USBSerial1

HAL_USB_USART_Config __attribute__((weak)) acquireUSBSerial1Buffer()
{
 80a07e0:	b510      	push	{r4, lr}
 80a07e2:	4604      	mov	r4, r0
  HAL_USB_USART_Config conf = {0};
 80a07e4:	2214      	movs	r2, #20
 80a07e6:	2100      	movs	r1, #0
 80a07e8:	f000 f97a 	bl	80a0ae0 <memset>

#if defined(USB_SERIAL_USERSPACE_BUFFERS) && ((MODULE_FUNCTION == MOD_FUNC_USER_PART) || (MODULE_FUNCTION == MOD_FUNC_MONO_FIRMWARE))
  static uint8_t usbserial1_rx_buffer[USB_RX_BUFFER_SIZE];
  static uint8_t usbserial1_tx_buffer[USB_TX_BUFFER_SIZE];

  conf.rx_buffer = usbserial1_rx_buffer;
 80a07ec:	4b05      	ldr	r3, [pc, #20]	; (80a0804 <_Z23acquireUSBSerial1Bufferv+0x24>)
  conf.rx_buffer_size = USB_RX_BUFFER_SIZE;
  conf.tx_buffer_size = USB_TX_BUFFER_SIZE;
#endif

  return conf;
}
 80a07ee:	4620      	mov	r0, r4
  conf.rx_buffer = usbserial1_rx_buffer;
 80a07f0:	6063      	str	r3, [r4, #4]
  conf.tx_buffer = usbserial1_tx_buffer;
 80a07f2:	4b05      	ldr	r3, [pc, #20]	; (80a0808 <_Z23acquireUSBSerial1Bufferv+0x28>)
 80a07f4:	60e3      	str	r3, [r4, #12]
  conf.rx_buffer_size = USB_RX_BUFFER_SIZE;
 80a07f6:	f240 1301 	movw	r3, #257	; 0x101
 80a07fa:	8123      	strh	r3, [r4, #8]
  conf.tx_buffer_size = USB_TX_BUFFER_SIZE;
 80a07fc:	2381      	movs	r3, #129	; 0x81
 80a07fe:	8223      	strh	r3, [r4, #16]
}
 80a0800:	bd10      	pop	{r4, pc}
 80a0802:	bf00      	nop
 80a0804:	2000036e 	.word	0x2000036e
 80a0808:	2000046f 	.word	0x2000046f

080a080c <_Z17_fetch_usbserial1v>:

USBSerial& _fetch_usbserial1()
{
 80a080c:	b510      	push	{r4, lr}
  HAL_USB_USART_Config conf = acquireUSBSerial1Buffer();
  static USBSerial _usbserial1(HAL_USB_USART_SERIAL1, conf);
 80a080e:	4c0f      	ldr	r4, [pc, #60]	; (80a084c <_Z17_fetch_usbserial1v+0x40>)
{
 80a0810:	b086      	sub	sp, #24
  HAL_USB_USART_Config conf = acquireUSBSerial1Buffer();
 80a0812:	a801      	add	r0, sp, #4
 80a0814:	f7ff ffe4 	bl	80a07e0 <_Z23acquireUSBSerial1Bufferv>
  static USBSerial _usbserial1(HAL_USB_USART_SERIAL1, conf);
 80a0818:	7823      	ldrb	r3, [r4, #0]
 80a081a:	f3bf 8f5b 	dmb	ish
 80a081e:	07db      	lsls	r3, r3, #31
 80a0820:	d410      	bmi.n	80a0844 <_Z17_fetch_usbserial1v+0x38>
 80a0822:	4620      	mov	r0, r4
 80a0824:	f7ff fc39 	bl	80a009a <__cxa_guard_acquire>
 80a0828:	b160      	cbz	r0, 80a0844 <_Z17_fetch_usbserial1v+0x38>
 80a082a:	2101      	movs	r1, #1
 80a082c:	aa01      	add	r2, sp, #4
 80a082e:	4808      	ldr	r0, [pc, #32]	; (80a0850 <_Z17_fetch_usbserial1v+0x44>)
 80a0830:	f7ff ff84 	bl	80a073c <_ZN9USBSerialC1E20HAL_USB_USART_SerialRK20HAL_USB_USART_Config>
 80a0834:	4620      	mov	r0, r4
 80a0836:	f7ff fc35 	bl	80a00a4 <__cxa_guard_release>
 80a083a:	4a06      	ldr	r2, [pc, #24]	; (80a0854 <_Z17_fetch_usbserial1v+0x48>)
 80a083c:	4906      	ldr	r1, [pc, #24]	; (80a0858 <_Z17_fetch_usbserial1v+0x4c>)
 80a083e:	4804      	ldr	r0, [pc, #16]	; (80a0850 <_Z17_fetch_usbserial1v+0x44>)
 80a0840:	f000 f92a 	bl	80a0a98 <__aeabi_atexit>
  return _usbserial1;
}
 80a0844:	4802      	ldr	r0, [pc, #8]	; (80a0850 <_Z17_fetch_usbserial1v+0x44>)
 80a0846:	b006      	add	sp, #24
 80a0848:	bd10      	pop	{r4, pc}
 80a084a:	bf00      	nop
 80a084c:	200001c0 	.word	0x200001c0
 80a0850:	200001d8 	.word	0x200001d8
 80a0854:	20000068 	.word	0x20000068
 80a0858:	080a06c9 	.word	0x080a06c9

080a085c <_ZN5spark9WiFiClass5readyEv>:
        return network_ready(*this, 0, NULL);
 80a085c:	2200      	movs	r2, #0
 80a085e:	6840      	ldr	r0, [r0, #4]
 80a0860:	4611      	mov	r1, r2
 80a0862:	f7ff bce1 	b.w	80a0228 <network_ready>

080a0866 <_ZN5spark9WiFiClass7resolveEPKc>:
    IPAddress resolve(const char* name)
 80a0866:	b5f0      	push	{r4, r5, r6, r7, lr}
 80a0868:	4615      	mov	r5, r2
 80a086a:	b089      	sub	sp, #36	; 0x24
        HAL_IPAddress ip = {};
 80a086c:	2211      	movs	r2, #17
    IPAddress resolve(const char* name)
 80a086e:	460e      	mov	r6, r1
 80a0870:	4604      	mov	r4, r0
        HAL_IPAddress ip = {};
 80a0872:	2100      	movs	r1, #0
 80a0874:	a803      	add	r0, sp, #12
 80a0876:	f000 f933 	bl	80a0ae0 <memset>
        return (inet_gethostbyname(name, strlen(name), &ip, *this, NULL) != 0) ?
 80a087a:	4628      	mov	r0, r5
 80a087c:	f000 f95c 	bl	80a0b38 <strlen>
 80a0880:	2700      	movs	r7, #0
 80a0882:	b281      	uxth	r1, r0
 80a0884:	6873      	ldr	r3, [r6, #4]
 80a0886:	4628      	mov	r0, r5
 80a0888:	9700      	str	r7, [sp, #0]
 80a088a:	aa03      	add	r2, sp, #12
 80a088c:	f7ff fc88 	bl	80a01a0 <inet_gethostbyname>
                IPAddress(uint32_t(0)) : IPAddress(ip);
 80a0890:	b130      	cbz	r0, 80a08a0 <_ZN5spark9WiFiClass7resolveEPKc+0x3a>
 80a0892:	4639      	mov	r1, r7
 80a0894:	4620      	mov	r0, r4
 80a0896:	f7ff fd71 	bl	80a037c <_ZN9IPAddressC1Em>
    }
 80a089a:	4620      	mov	r0, r4
 80a089c:	b009      	add	sp, #36	; 0x24
 80a089e:	bdf0      	pop	{r4, r5, r6, r7, pc}
                IPAddress(uint32_t(0)) : IPAddress(ip);
 80a08a0:	4620      	mov	r0, r4
 80a08a2:	a903      	add	r1, sp, #12
 80a08a4:	f7ff fd58 	bl	80a0358 <_ZN9IPAddressC1ERK16_HAL_IPAddress_t>
 80a08a8:	e7f7      	b.n	80a089a <_ZN5spark9WiFiClass7resolveEPKc+0x34>

080a08aa <_ZN5spark9WiFiClass9listeningEv>:
        return network_listening(*this, 0, NULL);
 80a08aa:	2200      	movs	r2, #0
 80a08ac:	6840      	ldr	r0, [r0, #4]
 80a08ae:	4611      	mov	r1, r2
 80a08b0:	f7ff bcda 	b.w	80a0268 <network_listening>

080a08b4 <_ZN5spark9WiFiClass16getListenTimeoutEv>:
        return network_get_listen_timeout(*this, 0, NULL);
 80a08b4:	2200      	movs	r2, #0
 80a08b6:	6840      	ldr	r0, [r0, #4]
 80a08b8:	4611      	mov	r1, r2
 80a08ba:	f7ff bce5 	b.w	80a0288 <network_get_listen_timeout>

080a08be <_ZN5spark9WiFiClass16setListenTimeoutEt>:
        network_set_listen_timeout(*this, timeout, NULL);
 80a08be:	2200      	movs	r2, #0
 80a08c0:	6840      	ldr	r0, [r0, #4]
 80a08c2:	f7ff bcd9 	b.w	80a0278 <network_set_listen_timeout>

080a08c6 <_ZN5spark9WiFiClass6listenEb>:
        network_listen(*this, begin ? 0 : 1, NULL);
 80a08c6:	2200      	movs	r2, #0
 80a08c8:	6840      	ldr	r0, [r0, #4]
 80a08ca:	f081 0101 	eor.w	r1, r1, #1
 80a08ce:	f7ff bcc3 	b.w	80a0258 <network_listen>

080a08d2 <_ZN5spark9WiFiClass3offEv>:
        network_off(*this, 0, 0, NULL);
 80a08d2:	2300      	movs	r3, #0
 80a08d4:	6840      	ldr	r0, [r0, #4]
 80a08d6:	461a      	mov	r2, r3
 80a08d8:	4619      	mov	r1, r3
 80a08da:	f7ff bcb5 	b.w	80a0248 <network_off>

080a08de <_ZN5spark9WiFiClass2onEv>:
        network_on(*this, 0, 0, NULL);
 80a08de:	2300      	movs	r3, #0
 80a08e0:	6840      	ldr	r0, [r0, #4]
 80a08e2:	461a      	mov	r2, r3
 80a08e4:	4619      	mov	r1, r3
 80a08e6:	f7ff bca7 	b.w	80a0238 <network_on>

080a08ea <_ZN5spark9WiFiClass10connectingEv>:
        return network_connecting(*this, 0, NULL);
 80a08ea:	2200      	movs	r2, #0
 80a08ec:	6840      	ldr	r0, [r0, #4]
 80a08ee:	4611      	mov	r1, r2
 80a08f0:	f7ff bc8a 	b.w	80a0208 <network_connecting>

080a08f4 <_ZN5spark9WiFiClass10disconnectEv>:
        network_disconnect(*this, NETWORK_DISCONNECT_REASON_USER, NULL);
 80a08f4:	2200      	movs	r2, #0
 80a08f6:	2102      	movs	r1, #2
 80a08f8:	6840      	ldr	r0, [r0, #4]
 80a08fa:	f7ff bc8d 	b.w	80a0218 <network_disconnect>

080a08fe <_ZN5spark9WiFiClass7connectEj>:
        network_connect(*this, flags, 0, NULL);
 80a08fe:	2300      	movs	r3, #0
 80a0900:	6840      	ldr	r0, [r0, #4]
 80a0902:	461a      	mov	r2, r3
 80a0904:	f7ff bc78 	b.w	80a01f8 <network_connect>

080a0908 <_GLOBAL__sub_I__ZN10WiFiSignalC2ERK21wlan_connected_info_t>:
 80a0908:	2204      	movs	r2, #4
 80a090a:	4b02      	ldr	r3, [pc, #8]	; (80a0914 <_GLOBAL__sub_I__ZN10WiFiSignalC2ERK21wlan_connected_info_t+0xc>)
 80a090c:	605a      	str	r2, [r3, #4]
            NetworkClass(NETWORK_INTERFACE_WIFI_STA) {
 80a090e:	4a02      	ldr	r2, [pc, #8]	; (80a0918 <_GLOBAL__sub_I__ZN10WiFiSignalC2ERK21wlan_connected_info_t+0x10>)
 80a0910:	601a      	str	r2, [r3, #0]
the same way.
*****************************************************************************/

    WiFiClass WiFi;
    // NetworkClass& Network = WiFi;
}
 80a0912:	4770      	bx	lr
 80a0914:	200004f0 	.word	0x200004f0
 80a0918:	080a0c34 	.word	0x080a0c34

080a091c <_ZZ21module_user_init_hookENUlP6_reentjmPvE_4_FUNES0_jmS1_>:

void module_user_init_hook()
{
#if HAL_PLATFORM_NEWLIB
    newlib_impure_ptr_callback([](struct _reent* r, size_t size, uint32_t version, void* ctx) -> void {
        _impure_ptr = r;
 80a091c:	4b01      	ldr	r3, [pc, #4]	; (80a0924 <_ZZ21module_user_init_hookENUlP6_reentjmPvE_4_FUNES0_jmS1_+0x8>)
 80a091e:	6018      	str	r0, [r3, #0]
    }, nullptr);
 80a0920:	4770      	bx	lr
 80a0922:	bf00      	nop
 80a0924:	20000004 	.word	0x20000004

080a0928 <serialEventRun>:
{
 80a0928:	b508      	push	{r3, lr}
    if (serialEvent && Serial.available()>0)
 80a092a:	4b13      	ldr	r3, [pc, #76]	; (80a0978 <serialEventRun+0x50>)
 80a092c:	b143      	cbz	r3, 80a0940 <serialEventRun+0x18>
 80a092e:	f7ff ff2f 	bl	80a0790 <_Z16_fetch_usbserialv>
 80a0932:	6803      	ldr	r3, [r0, #0]
 80a0934:	691b      	ldr	r3, [r3, #16]
 80a0936:	4798      	blx	r3
 80a0938:	2800      	cmp	r0, #0
 80a093a:	dd01      	ble.n	80a0940 <serialEventRun+0x18>
        serialEvent();
 80a093c:	f3af 8000 	nop.w
    if (serialEvent1 && Serial1.available()>0)
 80a0940:	4b0e      	ldr	r3, [pc, #56]	; (80a097c <serialEventRun+0x54>)
 80a0942:	b143      	cbz	r3, 80a0956 <serialEventRun+0x2e>
 80a0944:	f7ff fe96 	bl	80a0674 <_Z22__fetch_global_Serial1v>
 80a0948:	6803      	ldr	r3, [r0, #0]
 80a094a:	691b      	ldr	r3, [r3, #16]
 80a094c:	4798      	blx	r3
 80a094e:	2800      	cmp	r0, #0
 80a0950:	dd01      	ble.n	80a0956 <serialEventRun+0x2e>
        serialEvent1();
 80a0952:	f3af 8000 	nop.w
    if (serialEventRun2) serialEventRun2();
 80a0956:	4b0a      	ldr	r3, [pc, #40]	; (80a0980 <serialEventRun+0x58>)
 80a0958:	b10b      	cbz	r3, 80a095e <serialEventRun+0x36>
 80a095a:	f3af 8000 	nop.w
    if (usbSerialEvent1 && USBSerial1.available()>0)
 80a095e:	4b09      	ldr	r3, [pc, #36]	; (80a0984 <serialEventRun+0x5c>)
 80a0960:	b143      	cbz	r3, 80a0974 <serialEventRun+0x4c>
 80a0962:	f7ff ff53 	bl	80a080c <_Z17_fetch_usbserial1v>
 80a0966:	6803      	ldr	r3, [r0, #0]
 80a0968:	691b      	ldr	r3, [r3, #16]
 80a096a:	4798      	blx	r3
 80a096c:	2800      	cmp	r0, #0
 80a096e:	dd01      	ble.n	80a0974 <serialEventRun+0x4c>
        usbSerialEvent1();
 80a0970:	f3af 8000 	nop.w
}
 80a0974:	bd08      	pop	{r3, pc}
 80a0976:	bf00      	nop
	...

080a0988 <_post_loop>:
{
 80a0988:	b508      	push	{r3, lr}
	serialEventRun();
 80a098a:	f7ff ffcd 	bl	80a0928 <serialEventRun>
		return !timeout_fn;
	}

	static inline system_tick_t current_time()
	{
		return HAL_Timer_Get_Milli_Seconds();
 80a098e:	f7ff fb97 	bl	80a00c0 <HAL_Timer_Get_Milli_Seconds>
	/**
	 * Lifesign that the application is still working normally.
	 */
	static void checkin()
	{
		last_checkin = current_time();
 80a0992:	4b01      	ldr	r3, [pc, #4]	; (80a0998 <_post_loop+0x10>)
 80a0994:	6018      	str	r0, [r3, #0]
}
 80a0996:	bd08      	pop	{r3, pc}
 80a0998:	20000500 	.word	0x20000500

080a099c <_Z33system_initialize_user_backup_ramv>:
    memcpy(&link_global_retained_start, &link_global_retained_initial_values, len);
 80a099c:	4802      	ldr	r0, [pc, #8]	; (80a09a8 <_Z33system_initialize_user_backup_ramv+0xc>)
 80a099e:	4a03      	ldr	r2, [pc, #12]	; (80a09ac <_Z33system_initialize_user_backup_ramv+0x10>)
 80a09a0:	4903      	ldr	r1, [pc, #12]	; (80a09b0 <_Z33system_initialize_user_backup_ramv+0x14>)
 80a09a2:	1a12      	subs	r2, r2, r0
 80a09a4:	f000 b88e 	b.w	80a0ac4 <memcpy>
 80a09a8:	40024000 	.word	0x40024000
 80a09ac:	40024004 	.word	0x40024004
 80a09b0:	080a0c90 	.word	0x080a0c90

080a09b4 <_Z27ctrl_request_custom_handlerP12ctrl_request>:
    system_ctrl_set_result(req, SYSTEM_ERROR_NOT_SUPPORTED, nullptr, nullptr, nullptr);
 80a09b4:	2300      	movs	r3, #0
void __attribute((weak)) ctrl_request_custom_handler(ctrl_request* req) {
 80a09b6:	b507      	push	{r0, r1, r2, lr}
    system_ctrl_set_result(req, SYSTEM_ERROR_NOT_SUPPORTED, nullptr, nullptr, nullptr);
 80a09b8:	461a      	mov	r2, r3
 80a09ba:	f06f 0177 	mvn.w	r1, #119	; 0x77
 80a09be:	9300      	str	r3, [sp, #0]
 80a09c0:	f7ff fc08 	bl	80a01d4 <system_ctrl_set_result>
}
 80a09c4:	b003      	add	sp, #12
 80a09c6:	f85d fb04 	ldr.w	pc, [sp], #4
	...

080a09cc <_ZL20ctrl_request_handlerP12ctrl_request>:
static void ctrl_request_handler(ctrl_request* req) {
 80a09cc:	b507      	push	{r0, r1, r2, lr}
    switch (req->type) {
 80a09ce:	8843      	ldrh	r3, [r0, #2]
 80a09d0:	2b0a      	cmp	r3, #10
 80a09d2:	d008      	beq.n	80a09e6 <_ZL20ctrl_request_handlerP12ctrl_request+0x1a>
 80a09d4:	2b50      	cmp	r3, #80	; 0x50
 80a09d6:	d10b      	bne.n	80a09f0 <_ZL20ctrl_request_handlerP12ctrl_request+0x24>
        if (log_process_ctrl_request_callback) {
 80a09d8:	4b09      	ldr	r3, [pc, #36]	; (80a0a00 <_ZL20ctrl_request_handlerP12ctrl_request+0x34>)
 80a09da:	681b      	ldr	r3, [r3, #0]
 80a09dc:	b14b      	cbz	r3, 80a09f2 <_ZL20ctrl_request_handlerP12ctrl_request+0x26>
}
 80a09de:	b003      	add	sp, #12
 80a09e0:	f85d eb04 	ldr.w	lr, [sp], #4
            log_process_ctrl_request_callback(req);
 80a09e4:	4718      	bx	r3
        ctrl_request_custom_handler(req);
 80a09e6:	f7ff ffe5 	bl	80a09b4 <_Z27ctrl_request_custom_handlerP12ctrl_request>
}
 80a09ea:	b003      	add	sp, #12
 80a09ec:	f85d fb04 	ldr.w	pc, [sp], #4
        system_ctrl_set_result(req, SYSTEM_ERROR_NOT_SUPPORTED, nullptr, nullptr, nullptr);
 80a09f0:	2300      	movs	r3, #0
 80a09f2:	461a      	mov	r2, r3
 80a09f4:	f06f 0177 	mvn.w	r1, #119	; 0x77
 80a09f8:	9300      	str	r3, [sp, #0]
 80a09fa:	f7ff fbeb 	bl	80a01d4 <system_ctrl_set_result>
}
 80a09fe:	e7f4      	b.n	80a09ea <_ZL20ctrl_request_handlerP12ctrl_request+0x1e>
 80a0a00:	200004fc 	.word	0x200004fc

080a0a04 <module_user_init_hook>:
{
 80a0a04:	b538      	push	{r3, r4, r5, lr}
#endif // HAL_PLATFORM_NEWLIB

#if HAL_PLATFORM_BACKUP_RAM
    backup_ram_was_valid_ =  __backup_sram_signature==signature;
 80a0a06:	4c12      	ldr	r4, [pc, #72]	; (80a0a50 <module_user_init_hook+0x4c>)
    newlib_impure_ptr_callback([](struct _reent* r, size_t size, uint32_t version, void* ctx) -> void {
 80a0a08:	2100      	movs	r1, #0
 80a0a0a:	4812      	ldr	r0, [pc, #72]	; (80a0a54 <module_user_init_hook+0x50>)
 80a0a0c:	f7ff fc64 	bl	80a02d8 <newlib_impure_ptr_callback>
    backup_ram_was_valid_ =  __backup_sram_signature==signature;
 80a0a10:	4d11      	ldr	r5, [pc, #68]	; (80a0a58 <module_user_init_hook+0x54>)
 80a0a12:	6823      	ldr	r3, [r4, #0]
 80a0a14:	42ab      	cmp	r3, r5
 80a0a16:	bf0c      	ite	eq
 80a0a18:	2201      	moveq	r2, #1
 80a0a1a:	2200      	movne	r2, #0
 80a0a1c:	4b0f      	ldr	r3, [pc, #60]	; (80a0a5c <module_user_init_hook+0x58>)
 80a0a1e:	701a      	strb	r2, [r3, #0]
    if (!backup_ram_was_valid_) {
 80a0a20:	d002      	beq.n	80a0a28 <module_user_init_hook+0x24>
        system_initialize_user_backup_ram();
 80a0a22:	f7ff ffbb 	bl	80a099c <_Z33system_initialize_user_backup_ramv>
        __backup_sram_signature = signature;
 80a0a26:	6025      	str	r5, [r4, #0]
    }
#endif

#if HAL_PLATFORM_RNG
    // Initialize the default stdlib PRNG using hardware RNG as a seed
    const uint32_t seed = HAL_RNG_GetRandomNumber();
 80a0a28:	f7ff fb42 	bl	80a00b0 <HAL_RNG_GetRandomNumber>
 80a0a2c:	4604      	mov	r4, r0
    srand(seed);
 80a0a2e:	f000 f85f 	bl	80a0af0 <srand>

    // If the user defines random_seed_from_cloud, call it with a seed value
    // generated by a hardware RNG as well.
    if (random_seed_from_cloud) {
 80a0a32:	4b0b      	ldr	r3, [pc, #44]	; (80a0a60 <module_user_init_hook+0x5c>)
 80a0a34:	b113      	cbz	r3, 80a0a3c <module_user_init_hook+0x38>
        random_seed_from_cloud(seed);
 80a0a36:	4620      	mov	r0, r4
 80a0a38:	f3af 8000 	nop.w
    }
#endif
    // Register the random_seed_from_cloud handler
    spark_set_random_seed_from_cloud_handler(&random_seed_from_cloud, nullptr);
 80a0a3c:	2100      	movs	r1, #0
 80a0a3e:	4808      	ldr	r0, [pc, #32]	; (80a0a60 <module_user_init_hook+0x5c>)
 80a0a40:	f7ff fbd2 	bl	80a01e8 <spark_set_random_seed_from_cloud_handler>

    // Register application handler for the control requests
    system_ctrl_set_app_request_handler(ctrl_request_handler, nullptr);
}
 80a0a44:	e8bd 4038 	ldmia.w	sp!, {r3, r4, r5, lr}
    system_ctrl_set_app_request_handler(ctrl_request_handler, nullptr);
 80a0a48:	2100      	movs	r1, #0
 80a0a4a:	4806      	ldr	r0, [pc, #24]	; (80a0a64 <module_user_init_hook+0x60>)
 80a0a4c:	f7ff bbb8 	b.w	80a01c0 <system_ctrl_set_app_request_handler>
 80a0a50:	40024000 	.word	0x40024000
 80a0a54:	080a091d 	.word	0x080a091d
 80a0a58:	9a271c1e 	.word	0x9a271c1e
 80a0a5c:	200004f8 	.word	0x200004f8
 80a0a60:	00000000 	.word	0x00000000
 80a0a64:	080a09cd 	.word	0x080a09cd

080a0a68 <_GLOBAL__sub_I_INADDR_NONE>:
#include "spark_wiring_ipaddress.h"

#if !HAL_USE_SOCKET_HAL_POSIX
const IPAddress INADDR_NONE(0, 0, 0, 0);
 80a0a68:	2300      	movs	r3, #0
 80a0a6a:	b513      	push	{r0, r1, r4, lr}
 80a0a6c:	4c07      	ldr	r4, [pc, #28]	; (80a0a8c <_GLOBAL__sub_I_INADDR_NONE+0x24>)
 80a0a6e:	461a      	mov	r2, r3
 80a0a70:	4619      	mov	r1, r3
 80a0a72:	4620      	mov	r0, r4
 80a0a74:	9300      	str	r3, [sp, #0]
 80a0a76:	f7ff fc97 	bl	80a03a8 <_ZN9IPAddressC1Ehhhh>
 80a0a7a:	4620      	mov	r0, r4
 80a0a7c:	4a04      	ldr	r2, [pc, #16]	; (80a0a90 <_GLOBAL__sub_I_INADDR_NONE+0x28>)
 80a0a7e:	4905      	ldr	r1, [pc, #20]	; (80a0a94 <_GLOBAL__sub_I_INADDR_NONE+0x2c>)
 80a0a80:	b002      	add	sp, #8
 80a0a82:	e8bd 4010 	ldmia.w	sp!, {r4, lr}
 80a0a86:	f000 b807 	b.w	80a0a98 <__aeabi_atexit>
 80a0a8a:	bf00      	nop
 80a0a8c:	20000504 	.word	0x20000504
 80a0a90:	20000068 	.word	0x20000068
 80a0a94:	080a02fb 	.word	0x080a02fb

080a0a98 <__aeabi_atexit>:
 80a0a98:	460b      	mov	r3, r1
 80a0a9a:	4601      	mov	r1, r0
 80a0a9c:	4618      	mov	r0, r3
 80a0a9e:	f000 b803 	b.w	80a0aa8 <__cxa_atexit>

080a0aa2 <_ZdlPvj>:
 80a0aa2:	f7ff baf8 	b.w	80a0096 <_ZdlPv>
	...

080a0aa8 <__cxa_atexit>:
 80a0aa8:	b510      	push	{r4, lr}
 80a0aaa:	4604      	mov	r4, r0
 80a0aac:	4804      	ldr	r0, [pc, #16]	; (80a0ac0 <__cxa_atexit+0x18>)
 80a0aae:	4613      	mov	r3, r2
 80a0ab0:	b120      	cbz	r0, 80a0abc <__cxa_atexit+0x14>
 80a0ab2:	460a      	mov	r2, r1
 80a0ab4:	2002      	movs	r0, #2
 80a0ab6:	4621      	mov	r1, r4
 80a0ab8:	f3af 8000 	nop.w
 80a0abc:	bd10      	pop	{r4, pc}
 80a0abe:	bf00      	nop
 80a0ac0:	00000000 	.word	0x00000000

080a0ac4 <memcpy>:
 80a0ac4:	440a      	add	r2, r1
 80a0ac6:	4291      	cmp	r1, r2
 80a0ac8:	f100 33ff 	add.w	r3, r0, #4294967295	; 0xffffffff
 80a0acc:	d100      	bne.n	80a0ad0 <memcpy+0xc>
 80a0ace:	4770      	bx	lr
 80a0ad0:	b510      	push	{r4, lr}
 80a0ad2:	f811 4b01 	ldrb.w	r4, [r1], #1
 80a0ad6:	4291      	cmp	r1, r2
 80a0ad8:	f803 4f01 	strb.w	r4, [r3, #1]!
 80a0adc:	d1f9      	bne.n	80a0ad2 <memcpy+0xe>
 80a0ade:	bd10      	pop	{r4, pc}

080a0ae0 <memset>:
 80a0ae0:	4603      	mov	r3, r0
 80a0ae2:	4402      	add	r2, r0
 80a0ae4:	4293      	cmp	r3, r2
 80a0ae6:	d100      	bne.n	80a0aea <memset+0xa>
 80a0ae8:	4770      	bx	lr
 80a0aea:	f803 1b01 	strb.w	r1, [r3], #1
 80a0aee:	e7f9      	b.n	80a0ae4 <memset+0x4>

080a0af0 <srand>:
 80a0af0:	b538      	push	{r3, r4, r5, lr}
 80a0af2:	4b0d      	ldr	r3, [pc, #52]	; (80a0b28 <srand+0x38>)
 80a0af4:	4604      	mov	r4, r0
 80a0af6:	681d      	ldr	r5, [r3, #0]
 80a0af8:	6bab      	ldr	r3, [r5, #56]	; 0x38
 80a0afa:	b97b      	cbnz	r3, 80a0b1c <srand+0x2c>
 80a0afc:	2018      	movs	r0, #24
 80a0afe:	f7ff fbdb 	bl	80a02b8 <malloc>
 80a0b02:	4a0a      	ldr	r2, [pc, #40]	; (80a0b2c <srand+0x3c>)
 80a0b04:	4b0a      	ldr	r3, [pc, #40]	; (80a0b30 <srand+0x40>)
 80a0b06:	63a8      	str	r0, [r5, #56]	; 0x38
 80a0b08:	e9c0 2300 	strd	r2, r3, [r0]
 80a0b0c:	4b09      	ldr	r3, [pc, #36]	; (80a0b34 <srand+0x44>)
 80a0b0e:	2201      	movs	r2, #1
 80a0b10:	6083      	str	r3, [r0, #8]
 80a0b12:	230b      	movs	r3, #11
 80a0b14:	8183      	strh	r3, [r0, #12]
 80a0b16:	2300      	movs	r3, #0
 80a0b18:	e9c0 2304 	strd	r2, r3, [r0, #16]
 80a0b1c:	2200      	movs	r2, #0
 80a0b1e:	6bab      	ldr	r3, [r5, #56]	; 0x38
 80a0b20:	611c      	str	r4, [r3, #16]
 80a0b22:	615a      	str	r2, [r3, #20]
 80a0b24:	bd38      	pop	{r3, r4, r5, pc}
 80a0b26:	bf00      	nop
 80a0b28:	20000004 	.word	0x20000004
 80a0b2c:	abcd330e 	.word	0xabcd330e
 80a0b30:	e66d1234 	.word	0xe66d1234
 80a0b34:	0005deec 	.word	0x0005deec

080a0b38 <strlen>:
 80a0b38:	4603      	mov	r3, r0
 80a0b3a:	f813 2b01 	ldrb.w	r2, [r3], #1
 80a0b3e:	2a00      	cmp	r2, #0
 80a0b40:	d1fb      	bne.n	80a0b3a <strlen+0x2>
 80a0b42:	1a18      	subs	r0, r3, r0
 80a0b44:	3801      	subs	r0, #1
 80a0b46:	4770      	bx	lr

080a0b48 <dynalib_user>:
 80a0b48:	001d 080a 005d 080a 0085 080a 0089 080a     ....]...........
 80a0b58:	0000 0000                                   ....

080a0b5c <_ZTV9IPAddress>:
	...
 80a0b64:	030b 080a 02fb 080a 02fd 080a 7061 0070     ............app.

080a0b74 <_ZTVN5spark12NetworkClassE>:
	...
 80a0b7c:	03d1 080a 03db 080a 03e5 080a 03ef 080a     ................
 80a0b8c:	03f9 080a 0405 080a 0411 080a 0419 080a     ................
 80a0b9c:	0421 080a 042d 080a 0435 080a 043f 080a     !...-...5...?...
 80a0bac:	0449 080a 5925 252d 2d6d 6425 2554 3a48     I...%Y-%m-%dT%H:
 80a0bbc:	4d25 253a 2553 007a 7361 7463 6d69 0065     %M:%S%z.asctime.

080a0bcc <_ZTV11USARTSerial>:
	...
 80a0bd4:	05d1 080a 0639 080a 0615 080a 04ad 080a     ....9...........
 80a0be4:	05e5 080a 0601 080a 05f3 080a 060f 080a     ................
 80a0bf4:	05d3 080a 05d7 080a                         ........

080a0bfc <_ZTV9USBSerial>:
	...
 80a0c04:	06c9 080a 072f 080a 0707 080a 04ad 080a     ..../...........
 80a0c14:	06f9 080a 06cb 080a 06db 080a 0729 080a     ............)...
 80a0c24:	06eb 080a 06c5 080a                         ........

080a0c2c <_ZTVN5spark9WiFiClassE>:
	...
 80a0c34:	08ff 080a 08f5 080a 08eb 080a 085d 080a     ............]...
 80a0c44:	08df 080a 08d3 080a 0411 080a 0419 080a     ................
 80a0c54:	08c7 080a 08bf 080a 08b5 080a 08ab 080a     ................
 80a0c64:	0867 080a                                   g...

080a0c68 <link_const_variable_data_end>:
 80a0c68:	080a03c1 	.word	0x080a03c1
 80a0c6c:	080a0499 	.word	0x080a0499
 80a0c70:	080a0545 	.word	0x080a0545
 80a0c74:	080a0581 	.word	0x080a0581
 80a0c78:	080a05bd 	.word	0x080a05bd
 80a0c7c:	080a0909 	.word	0x080a0909
 80a0c80:	080a0a69 	.word	0x080a0a69

080a0c84 <link_constructors_end>:
	...
